Performing C SOURCE FILE Test SUPPORTS_LLD failed with the following output:
Change Dir: /Humanoid-MPC/mujoco_mpc/build/CMakeFiles/CMakeTmp

Run Build Command(s):/usr/bin/ninja cmTC_36033 && [1/2] Building C object CMakeFiles/cmTC_36033.dir/src.c.o
clang: warning: argument unused during compilation: '-fuse-ld=lld' [-Wunused-command-line-argument]
[2/2] Linking C executable cmTC_36033
FAILED: cmTC_36033 
: && /usr/bin/clang-12 -fuse-ld=lld  CMakeFiles/cmTC_36033.dir/src.c.o -o cmTC_36033   && :
clang: error: invalid linker name in argument '-fuse-ld=lld'
ninja: build stopped: subcommand failed.


Source file was:
int main() {}
Determining if the function res_servicename exists failed with the following output:
Change Dir: /Humanoid-MPC/mujoco_mpc/build/CMakeFiles/CMakeTmp

Run Build Command(s):/usr/bin/ninja cmTC_3b5e8 && [1/2] Building C object CMakeFiles/cmTC_3b5e8.dir/CheckFunctionExists.c.o
[2/2] Linking C executable cmTC_3b5e8
FAILED: cmTC_3b5e8 
: && /usr/bin/clang-12 -DCHECK_FUNCTION_EXISTS=res_servicename  CMakeFiles/cmTC_3b5e8.dir/CheckFunctionExists.c.o -o cmTC_3b5e8   && :
/usr/bin/ld: CMakeFiles/cmTC_3b5e8.dir/CheckFunctionExists.c.o: in function `main':
CheckFunctionExists.c:(.text+0x17): undefined reference to `res_servicename'
clang: error: linker command failed with exit code 1 (use -v to see invocation)
ninja: build stopped: subcommand failed.



Determining if the function res_servicename exists in the resolv failed with the following output:
Change Dir: /Humanoid-MPC/mujoco_mpc/build/CMakeFiles/CMakeTmp

Run Build Command(s):/usr/bin/ninja cmTC_834fd && [1/2] Building C object CMakeFiles/cmTC_834fd.dir/CheckFunctionExists.c.o
[2/2] Linking C executable cmTC_834fd
FAILED: cmTC_834fd 
: && /usr/bin/clang-12 -DCHECK_FUNCTION_EXISTS=res_servicename  CMakeFiles/cmTC_834fd.dir/CheckFunctionExists.c.o -o cmTC_834fd  -lresolv && :
/usr/bin/ld: CMakeFiles/cmTC_834fd.dir/CheckFunctionExists.c.o: in function `main':
CheckFunctionExists.c:(.text+0x17): undefined reference to `res_servicename'
clang: error: linker command failed with exit code 1 (use -v to see invocation)
ninja: build stopped: subcommand failed.



Determining if files sys/sockio.h exist failed with the following output:
Change Dir: /Humanoid-MPC/mujoco_mpc/build/CMakeFiles/CMakeTmp

Run Build Command(s):/usr/bin/ninja cmTC_eb556 && [1/2] Building C object CMakeFiles/cmTC_eb556.dir/HAVE_SYS_SOCKIO_H.c.o
FAILED: CMakeFiles/cmTC_eb556.dir/HAVE_SYS_SOCKIO_H.c.o 
/usr/bin/clang-12   -fPIE -MD -MT CMakeFiles/cmTC_eb556.dir/HAVE_SYS_SOCKIO_H.c.o -MF CMakeFiles/cmTC_eb556.dir/HAVE_SYS_SOCKIO_H.c.o.d -o CMakeFiles/cmTC_eb556.dir/HAVE_SYS_SOCKIO_H.c.o -c /Humanoid-MPC/mujoco_mpc/build/CMakeFiles/CheckIncludeFiles/HAVE_SYS_SOCKIO_H.c
/Humanoid-MPC/mujoco_mpc/build/CMakeFiles/CheckIncludeFiles/HAVE_SYS_SOCKIO_H.c:2:10: fatal error: 'sys/sockio.h' file not found
#include <sys/sockio.h>
         ^~~~~~~~~~~~~~
1 error generated.
ninja: build stopped: subcommand failed.


Source:
/* */
#include <sys/sockio.h>


int main(void){return 0;}

Determining if files socket.h exist failed with the following output:
Change Dir: /Humanoid-MPC/mujoco_mpc/build/CMakeFiles/CMakeTmp

Run Build Command(s):/usr/bin/ninja cmTC_31a88 && [1/2] Building C object CMakeFiles/cmTC_31a88.dir/HAVE_SOCKET_H.c.o
FAILED: CMakeFiles/cmTC_31a88.dir/HAVE_SOCKET_H.c.o 
/usr/bin/clang-12   -fPIE -MD -MT CMakeFiles/cmTC_31a88.dir/HAVE_SOCKET_H.c.o -MF CMakeFiles/cmTC_31a88.dir/HAVE_SOCKET_H.c.o.d -o CMakeFiles/cmTC_31a88.dir/HAVE_SOCKET_H.c.o -c /Humanoid-MPC/mujoco_mpc/build/CMakeFiles/CheckIncludeFiles/HAVE_SOCKET_H.c
/Humanoid-MPC/mujoco_mpc/build/CMakeFiles/CheckIncludeFiles/HAVE_SOCKET_H.c:2:10: fatal error: 'socket.h' file not found
#include <socket.h>
         ^~~~~~~~~~
1 error generated.
ninja: build stopped: subcommand failed.


Source:
/* */
#include <socket.h>


int main(void){return 0;}

Determining if files stropts.h exist failed with the following output:
Change Dir: /Humanoid-MPC/mujoco_mpc/build/CMakeFiles/CMakeTmp

Run Build Command(s):/usr/bin/ninja cmTC_fe8e7 && [1/2] Building C object CMakeFiles/cmTC_fe8e7.dir/HAVE_STROPTS_H.c.o
FAILED: CMakeFiles/cmTC_fe8e7.dir/HAVE_STROPTS_H.c.o 
/usr/bin/clang-12   -fPIE -MD -MT CMakeFiles/cmTC_fe8e7.dir/HAVE_STROPTS_H.c.o -MF CMakeFiles/cmTC_fe8e7.dir/HAVE_STROPTS_H.c.o.d -o CMakeFiles/cmTC_fe8e7.dir/HAVE_STROPTS_H.c.o -c /Humanoid-MPC/mujoco_mpc/build/CMakeFiles/CheckIncludeFiles/HAVE_STROPTS_H.c
/Humanoid-MPC/mujoco_mpc/build/CMakeFiles/CheckIncludeFiles/HAVE_STROPTS_H.c:2:10: fatal error: 'stropts.h' file not found
#include <stropts.h>
         ^~~~~~~~~~~
1 error generated.
ninja: build stopped: subcommand failed.


Source:
/* */
#include <stropts.h>


int main(void){return 0;}

Performing C SOURCE FILE Test HAVE_TYPE_SOCKET failed with the following output:
Change Dir: /Humanoid-MPC/mujoco_mpc/build/CMakeFiles/CMakeTmp

Run Build Command(s):/usr/bin/ninja cmTC_4e195 && [1/2] Building C object CMakeFiles/cmTC_4e195.dir/src.c.o
FAILED: CMakeFiles/cmTC_4e195.dir/src.c.o 
/usr/bin/clang-12 -DHAVE_TYPE_SOCKET -D_GNU_SOURCE -D_POSIX_C_SOURCE=199309L -D_XOPEN_SOURCE=600  -fPIE -std=c11 -MD -MT CMakeFiles/cmTC_4e195.dir/src.c.o -MF CMakeFiles/cmTC_4e195.dir/src.c.o.d -o CMakeFiles/cmTC_4e195.dir/src.c.o -c /Humanoid-MPC/mujoco_mpc/build/CMakeFiles/CMakeTmp/src.c
/Humanoid-MPC/mujoco_mpc/build/CMakeFiles/CMakeTmp/src.c:26:4: error: use of undeclared identifier 'SOCKET'
                        SOCKET var_exists;
                        ^
/Humanoid-MPC/mujoco_mpc/build/CMakeFiles/CMakeTmp/src.c:27:10: error: use of undeclared identifier 'var_exists'
                        (void)var_exists;
                              ^
2 errors generated.
ninja: build stopped: subcommand failed.


Source file was:

		#include <stdio.h>
		#include <stdlib.h>
	
		#include <stdbool.h>
		#include <sys/types.h>
		#include <arpa/inet.h>
		#include <arpa/nameser.h>
		#include <netdb.h>
		#include <net/if.h>
		#include <netinet/in.h>
		#include <netinet/tcp.h>
		#include <signal.h>
		#include <stdlib.h>
		#include <string.h>
		#include <strings.h>
		#include <sys/ioctl.h>
		#include <sys/select.h>
		#include <sys/socket.h>
		#include <sys/time.h>
		#include <sys/uio.h>
		#include <time.h>
		#include <fcntl.h>
		#include <unistd.h>
		int main() {
			SOCKET var_exists;
			(void)var_exists;
			return 0;
		}
	
Determining if the SO_NONBLOCK exist failed with the following output:
Change Dir: /Humanoid-MPC/mujoco_mpc/build/CMakeFiles/CMakeTmp

Run Build Command(s):/usr/bin/ninja cmTC_eff20 && [1/2] Building C object CMakeFiles/cmTC_eff20.dir/CheckSymbolExists.c.o
FAILED: CMakeFiles/cmTC_eff20.dir/CheckSymbolExists.c.o 
/usr/bin/clang-12 -D_GNU_SOURCE -D_POSIX_C_SOURCE=199309L -D_XOPEN_SOURCE=600  -fPIE -MD -MT CMakeFiles/cmTC_eff20.dir/CheckSymbolExists.c.o -MF CMakeFiles/cmTC_eff20.dir/CheckSymbolExists.c.o.d -o CMakeFiles/cmTC_eff20.dir/CheckSymbolExists.c.o -c /Humanoid-MPC/mujoco_mpc/build/CMakeFiles/CMakeTmp/CheckSymbolExists.c
/Humanoid-MPC/mujoco_mpc/build/CMakeFiles/CMakeTmp/CheckSymbolExists.c:27:19: error: use of undeclared identifier 'SO_NONBLOCK'
  return ((int*)(&SO_NONBLOCK))[argc];
                  ^
1 error generated.
ninja: build stopped: subcommand failed.


File /Humanoid-MPC/mujoco_mpc/build/CMakeFiles/CMakeTmp/CheckSymbolExists.c:
/* */
#include <stdbool.h>
#include <sys/types.h>
#include <arpa/inet.h>
#include <arpa/nameser.h>
#include <netdb.h>
#include <net/if.h>
#include <netinet/in.h>
#include <netinet/tcp.h>
#include <signal.h>
#include <stdlib.h>
#include <string.h>
#include <strings.h>
#include <sys/ioctl.h>
#include <sys/select.h>
#include <sys/socket.h>
#include <sys/time.h>
#include <sys/uio.h>
#include <time.h>
#include <fcntl.h>
#include <unistd.h>

int main(int argc, char** argv)
{
  (void)argv;
#ifndef SO_NONBLOCK
  return ((int*)(&SO_NONBLOCK))[argc];
#else
  (void)argc;
  return 0;
#endif
}
Determining if the bitncmp exist failed with the following output:
Change Dir: /Humanoid-MPC/mujoco_mpc/build/CMakeFiles/CMakeTmp

Run Build Command(s):/usr/bin/ninja cmTC_c7020 && [1/2] Building C object CMakeFiles/cmTC_c7020.dir/CheckSymbolExists.c.o
FAILED: CMakeFiles/cmTC_c7020.dir/CheckSymbolExists.c.o 
/usr/bin/clang-12 -D_GNU_SOURCE -D_POSIX_C_SOURCE=199309L -D_XOPEN_SOURCE=600  -fPIE -MD -MT CMakeFiles/cmTC_c7020.dir/CheckSymbolExists.c.o -MF CMakeFiles/cmTC_c7020.dir/CheckSymbolExists.c.o.d -o CMakeFiles/cmTC_c7020.dir/CheckSymbolExists.c.o -c /Humanoid-MPC/mujoco_mpc/build/CMakeFiles/CMakeTmp/CheckSymbolExists.c
/Humanoid-MPC/mujoco_mpc/build/CMakeFiles/CMakeTmp/CheckSymbolExists.c:27:19: error: use of undeclared identifier 'bitncmp'
  return ((int*)(&bitncmp))[argc];
                  ^
1 error generated.
ninja: build stopped: subcommand failed.


File /Humanoid-MPC/mujoco_mpc/build/CMakeFiles/CMakeTmp/CheckSymbolExists.c:
/* */
#include <stdbool.h>
#include <sys/types.h>
#include <arpa/inet.h>
#include <arpa/nameser.h>
#include <netdb.h>
#include <net/if.h>
#include <netinet/in.h>
#include <netinet/tcp.h>
#include <signal.h>
#include <stdlib.h>
#include <string.h>
#include <strings.h>
#include <sys/ioctl.h>
#include <sys/select.h>
#include <sys/socket.h>
#include <sys/time.h>
#include <sys/uio.h>
#include <time.h>
#include <fcntl.h>
#include <unistd.h>

int main(int argc, char** argv)
{
  (void)argv;
#ifndef bitncmp
  return ((int*)(&bitncmp))[argc];
#else
  (void)argc;
  return 0;
#endif
}
Determining if the closesocket exist failed with the following output:
Change Dir: /Humanoid-MPC/mujoco_mpc/build/CMakeFiles/CMakeTmp

Run Build Command(s):/usr/bin/ninja cmTC_6232b && [1/2] Building C object CMakeFiles/cmTC_6232b.dir/CheckSymbolExists.c.o
FAILED: CMakeFiles/cmTC_6232b.dir/CheckSymbolExists.c.o 
/usr/bin/clang-12 -D_GNU_SOURCE -D_POSIX_C_SOURCE=199309L -D_XOPEN_SOURCE=600  -fPIE -MD -MT CMakeFiles/cmTC_6232b.dir/CheckSymbolExists.c.o -MF CMakeFiles/cmTC_6232b.dir/CheckSymbolExists.c.o.d -o CMakeFiles/cmTC_6232b.dir/CheckSymbolExists.c.o -c /Humanoid-MPC/mujoco_mpc/build/CMakeFiles/CMakeTmp/CheckSymbolExists.c
/Humanoid-MPC/mujoco_mpc/build/CMakeFiles/CMakeTmp/CheckSymbolExists.c:27:19: error: use of undeclared identifier 'closesocket'
  return ((int*)(&closesocket))[argc];
                  ^
1 error generated.
ninja: build stopped: subcommand failed.


File /Humanoid-MPC/mujoco_mpc/build/CMakeFiles/CMakeTmp/CheckSymbolExists.c:
/* */
#include <stdbool.h>
#include <sys/types.h>
#include <arpa/inet.h>
#include <arpa/nameser.h>
#include <netdb.h>
#include <net/if.h>
#include <netinet/in.h>
#include <netinet/tcp.h>
#include <signal.h>
#include <stdlib.h>
#include <string.h>
#include <strings.h>
#include <sys/ioctl.h>
#include <sys/select.h>
#include <sys/socket.h>
#include <sys/time.h>
#include <sys/uio.h>
#include <time.h>
#include <fcntl.h>
#include <unistd.h>

int main(int argc, char** argv)
{
  (void)argv;
#ifndef closesocket
  return ((int*)(&closesocket))[argc];
#else
  (void)argc;
  return 0;
#endif
}
Determining if the CloseSocket exist failed with the following output:
Change Dir: /Humanoid-MPC/mujoco_mpc/build/CMakeFiles/CMakeTmp

Run Build Command(s):/usr/bin/ninja cmTC_7d7c0 && [1/2] Building C object CMakeFiles/cmTC_7d7c0.dir/CheckSymbolExists.c.o
FAILED: CMakeFiles/cmTC_7d7c0.dir/CheckSymbolExists.c.o 
/usr/bin/clang-12 -D_GNU_SOURCE -D_POSIX_C_SOURCE=199309L -D_XOPEN_SOURCE=600  -fPIE -MD -MT CMakeFiles/cmTC_7d7c0.dir/CheckSymbolExists.c.o -MF CMakeFiles/cmTC_7d7c0.dir/CheckSymbolExists.c.o.d -o CMakeFiles/cmTC_7d7c0.dir/CheckSymbolExists.c.o -c /Humanoid-MPC/mujoco_mpc/build/CMakeFiles/CMakeTmp/CheckSymbolExists.c
/Humanoid-MPC/mujoco_mpc/build/CMakeFiles/CMakeTmp/CheckSymbolExists.c:27:19: error: use of undeclared identifier 'CloseSocket'
  return ((int*)(&CloseSocket))[argc];
                  ^
1 error generated.
ninja: build stopped: subcommand failed.


File /Humanoid-MPC/mujoco_mpc/build/CMakeFiles/CMakeTmp/CheckSymbolExists.c:
/* */
#include <stdbool.h>
#include <sys/types.h>
#include <arpa/inet.h>
#include <arpa/nameser.h>
#include <netdb.h>
#include <net/if.h>
#include <netinet/in.h>
#include <netinet/tcp.h>
#include <signal.h>
#include <stdlib.h>
#include <string.h>
#include <strings.h>
#include <sys/ioctl.h>
#include <sys/select.h>
#include <sys/socket.h>
#include <sys/time.h>
#include <sys/uio.h>
#include <time.h>
#include <fcntl.h>
#include <unistd.h>

int main(int argc, char** argv)
{
  (void)argv;
#ifndef CloseSocket
  return ((int*)(&CloseSocket))[argc];
#else
  (void)argc;
  return 0;
#endif
}
Determining if the inet_net_pton exist failed with the following output:
Change Dir: /Humanoid-MPC/mujoco_mpc/build/CMakeFiles/CMakeTmp

Run Build Command(s):/usr/bin/ninja cmTC_2c700 && [1/2] Building C object CMakeFiles/cmTC_2c700.dir/CheckSymbolExists.c.o
[2/2] Linking C executable cmTC_2c700
FAILED: cmTC_2c700 
: && /usr/bin/clang-12  -rdynamic CMakeFiles/cmTC_2c700.dir/CheckSymbolExists.c.o -o cmTC_2c700   && :
/usr/bin/ld: CMakeFiles/cmTC_2c700.dir/CheckSymbolExists.c.o: in function `main':
CheckSymbolExists.c:(.text+0x19): undefined reference to `inet_net_pton'
clang: error: linker command failed with exit code 1 (use -v to see invocation)
ninja: build stopped: subcommand failed.


File /Humanoid-MPC/mujoco_mpc/build/CMakeFiles/CMakeTmp/CheckSymbolExists.c:
/* */
#include <stdbool.h>
#include <sys/types.h>
#include <arpa/inet.h>
#include <arpa/nameser.h>
#include <netdb.h>
#include <net/if.h>
#include <netinet/in.h>
#include <netinet/tcp.h>
#include <signal.h>
#include <stdlib.h>
#include <string.h>
#include <strings.h>
#include <sys/ioctl.h>
#include <sys/select.h>
#include <sys/socket.h>
#include <sys/time.h>
#include <sys/uio.h>
#include <time.h>
#include <fcntl.h>
#include <unistd.h>

int main(int argc, char** argv)
{
  (void)argv;
#ifndef inet_net_pton
  return ((int*)(&inet_net_pton))[argc];
#else
  (void)argc;
  return 0;
#endif
}
Determining if the ioctlsocket exist failed with the following output:
Change Dir: /Humanoid-MPC/mujoco_mpc/build/CMakeFiles/CMakeTmp

Run Build Command(s):/usr/bin/ninja cmTC_96fda && [1/2] Building C object CMakeFiles/cmTC_96fda.dir/CheckSymbolExists.c.o
FAILED: CMakeFiles/cmTC_96fda.dir/CheckSymbolExists.c.o 
/usr/bin/clang-12 -D_GNU_SOURCE -D_POSIX_C_SOURCE=199309L -D_XOPEN_SOURCE=600  -fPIE -MD -MT CMakeFiles/cmTC_96fda.dir/CheckSymbolExists.c.o -MF CMakeFiles/cmTC_96fda.dir/CheckSymbolExists.c.o.d -o CMakeFiles/cmTC_96fda.dir/CheckSymbolExists.c.o -c /Humanoid-MPC/mujoco_mpc/build/CMakeFiles/CMakeTmp/CheckSymbolExists.c
/Humanoid-MPC/mujoco_mpc/build/CMakeFiles/CMakeTmp/CheckSymbolExists.c:27:19: error: use of undeclared identifier 'ioctlsocket'
  return ((int*)(&ioctlsocket))[argc];
                  ^
1 error generated.
ninja: build stopped: subcommand failed.


File /Humanoid-MPC/mujoco_mpc/build/CMakeFiles/CMakeTmp/CheckSymbolExists.c:
/* */
#include <stdbool.h>
#include <sys/types.h>
#include <arpa/inet.h>
#include <arpa/nameser.h>
#include <netdb.h>
#include <net/if.h>
#include <netinet/in.h>
#include <netinet/tcp.h>
#include <signal.h>
#include <stdlib.h>
#include <string.h>
#include <strings.h>
#include <sys/ioctl.h>
#include <sys/select.h>
#include <sys/socket.h>
#include <sys/time.h>
#include <sys/uio.h>
#include <time.h>
#include <fcntl.h>
#include <unistd.h>

int main(int argc, char** argv)
{
  (void)argv;
#ifndef ioctlsocket
  return ((int*)(&ioctlsocket))[argc];
#else
  (void)argc;
  return 0;
#endif
}
Determining if the IoctlSocket exist failed with the following output:
Change Dir: /Humanoid-MPC/mujoco_mpc/build/CMakeFiles/CMakeTmp

Run Build Command(s):/usr/bin/ninja cmTC_a4f8a && [1/2] Building C object CMakeFiles/cmTC_a4f8a.dir/CheckSymbolExists.c.o
FAILED: CMakeFiles/cmTC_a4f8a.dir/CheckSymbolExists.c.o 
/usr/bin/clang-12 -D_GNU_SOURCE -D_POSIX_C_SOURCE=199309L -D_XOPEN_SOURCE=600  -fPIE -MD -MT CMakeFiles/cmTC_a4f8a.dir/CheckSymbolExists.c.o -MF CMakeFiles/cmTC_a4f8a.dir/CheckSymbolExists.c.o.d -o CMakeFiles/cmTC_a4f8a.dir/CheckSymbolExists.c.o -c /Humanoid-MPC/mujoco_mpc/build/CMakeFiles/CMakeTmp/CheckSymbolExists.c
/Humanoid-MPC/mujoco_mpc/build/CMakeFiles/CMakeTmp/CheckSymbolExists.c:27:19: error: use of undeclared identifier 'IoctlSocket'
  return ((int*)(&IoctlSocket))[argc];
                  ^
1 error generated.
ninja: build stopped: subcommand failed.


File /Humanoid-MPC/mujoco_mpc/build/CMakeFiles/CMakeTmp/CheckSymbolExists.c:
/* */
#include <stdbool.h>
#include <sys/types.h>
#include <arpa/inet.h>
#include <arpa/nameser.h>
#include <netdb.h>
#include <net/if.h>
#include <netinet/in.h>
#include <netinet/tcp.h>
#include <signal.h>
#include <stdlib.h>
#include <string.h>
#include <strings.h>
#include <sys/ioctl.h>
#include <sys/select.h>
#include <sys/socket.h>
#include <sys/time.h>
#include <sys/uio.h>
#include <time.h>
#include <fcntl.h>
#include <unistd.h>

int main(int argc, char** argv)
{
  (void)argv;
#ifndef IoctlSocket
  return ((int*)(&IoctlSocket))[argc];
#else
  (void)argc;
  return 0;
#endif
}
Determining if the strcmpi exist failed with the following output:
Change Dir: /Humanoid-MPC/mujoco_mpc/build/CMakeFiles/CMakeTmp

Run Build Command(s):/usr/bin/ninja cmTC_37089 && [1/2] Building C object CMakeFiles/cmTC_37089.dir/CheckSymbolExists.c.o
FAILED: CMakeFiles/cmTC_37089.dir/CheckSymbolExists.c.o 
/usr/bin/clang-12 -D_GNU_SOURCE -D_POSIX_C_SOURCE=199309L -D_XOPEN_SOURCE=600  -fPIE -MD -MT CMakeFiles/cmTC_37089.dir/CheckSymbolExists.c.o -MF CMakeFiles/cmTC_37089.dir/CheckSymbolExists.c.o.d -o CMakeFiles/cmTC_37089.dir/CheckSymbolExists.c.o -c /Humanoid-MPC/mujoco_mpc/build/CMakeFiles/CMakeTmp/CheckSymbolExists.c
/Humanoid-MPC/mujoco_mpc/build/CMakeFiles/CMakeTmp/CheckSymbolExists.c:27:19: error: use of undeclared identifier 'strcmpi'; did you mean 'strcmp'?
  return ((int*)(&strcmpi))[argc];
                  ^~~~~~~
                  strcmp
/usr/include/string.h:156:12: note: 'strcmp' declared here
extern int strcmp (const char *__s1, const char *__s2)
           ^
1 error generated.
ninja: build stopped: subcommand failed.


File /Humanoid-MPC/mujoco_mpc/build/CMakeFiles/CMakeTmp/CheckSymbolExists.c:
/* */
#include <stdbool.h>
#include <sys/types.h>
#include <arpa/inet.h>
#include <arpa/nameser.h>
#include <netdb.h>
#include <net/if.h>
#include <netinet/in.h>
#include <netinet/tcp.h>
#include <signal.h>
#include <stdlib.h>
#include <string.h>
#include <strings.h>
#include <sys/ioctl.h>
#include <sys/select.h>
#include <sys/socket.h>
#include <sys/time.h>
#include <sys/uio.h>
#include <time.h>
#include <fcntl.h>
#include <unistd.h>

int main(int argc, char** argv)
{
  (void)argv;
#ifndef strcmpi
  return ((int*)(&strcmpi))[argc];
#else
  (void)argc;
  return 0;
#endif
}
Determining if the stricmp exist failed with the following output:
Change Dir: /Humanoid-MPC/mujoco_mpc/build/CMakeFiles/CMakeTmp

Run Build Command(s):/usr/bin/ninja cmTC_38862 && [1/2] Building C object CMakeFiles/cmTC_38862.dir/CheckSymbolExists.c.o
FAILED: CMakeFiles/cmTC_38862.dir/CheckSymbolExists.c.o 
/usr/bin/clang-12 -D_GNU_SOURCE -D_POSIX_C_SOURCE=199309L -D_XOPEN_SOURCE=600  -fPIE -MD -MT CMakeFiles/cmTC_38862.dir/CheckSymbolExists.c.o -MF CMakeFiles/cmTC_38862.dir/CheckSymbolExists.c.o.d -o CMakeFiles/cmTC_38862.dir/CheckSymbolExists.c.o -c /Humanoid-MPC/mujoco_mpc/build/CMakeFiles/CMakeTmp/CheckSymbolExists.c
/Humanoid-MPC/mujoco_mpc/build/CMakeFiles/CMakeTmp/CheckSymbolExists.c:27:19: error: use of undeclared identifier 'stricmp'
  return ((int*)(&stricmp))[argc];
                  ^
1 error generated.
ninja: build stopped: subcommand failed.


File /Humanoid-MPC/mujoco_mpc/build/CMakeFiles/CMakeTmp/CheckSymbolExists.c:
/* */
#include <stdbool.h>
#include <sys/types.h>
#include <arpa/inet.h>
#include <arpa/nameser.h>
#include <netdb.h>
#include <net/if.h>
#include <netinet/in.h>
#include <netinet/tcp.h>
#include <signal.h>
#include <stdlib.h>
#include <string.h>
#include <strings.h>
#include <sys/ioctl.h>
#include <sys/select.h>
#include <sys/socket.h>
#include <sys/time.h>
#include <sys/uio.h>
#include <time.h>
#include <fcntl.h>
#include <unistd.h>

int main(int argc, char** argv)
{
  (void)argv;
#ifndef stricmp
  return ((int*)(&stricmp))[argc];
#else
  (void)argc;
  return 0;
#endif
}
Determining if the strncmpi exist failed with the following output:
Change Dir: /Humanoid-MPC/mujoco_mpc/build/CMakeFiles/CMakeTmp

Run Build Command(s):/usr/bin/ninja cmTC_84858 && [1/2] Building C object CMakeFiles/cmTC_84858.dir/CheckSymbolExists.c.o
FAILED: CMakeFiles/cmTC_84858.dir/CheckSymbolExists.c.o 
/usr/bin/clang-12 -D_GNU_SOURCE -D_POSIX_C_SOURCE=199309L -D_XOPEN_SOURCE=600  -fPIE -MD -MT CMakeFiles/cmTC_84858.dir/CheckSymbolExists.c.o -MF CMakeFiles/cmTC_84858.dir/CheckSymbolExists.c.o.d -o CMakeFiles/cmTC_84858.dir/CheckSymbolExists.c.o -c /Humanoid-MPC/mujoco_mpc/build/CMakeFiles/CMakeTmp/CheckSymbolExists.c
/Humanoid-MPC/mujoco_mpc/build/CMakeFiles/CMakeTmp/CheckSymbolExists.c:27:19: error: use of undeclared identifier 'strncmpi'; did you mean 'strncmp'?
  return ((int*)(&strncmpi))[argc];
                  ^~~~~~~~
                  strncmp
/usr/include/string.h:159:12: note: 'strncmp' declared here
extern int strncmp (const char *__s1, const char *__s2, size_t __n)
           ^
1 error generated.
ninja: build stopped: subcommand failed.


File /Humanoid-MPC/mujoco_mpc/build/CMakeFiles/CMakeTmp/CheckSymbolExists.c:
/* */
#include <stdbool.h>
#include <sys/types.h>
#include <arpa/inet.h>
#include <arpa/nameser.h>
#include <netdb.h>
#include <net/if.h>
#include <netinet/in.h>
#include <netinet/tcp.h>
#include <signal.h>
#include <stdlib.h>
#include <string.h>
#include <strings.h>
#include <sys/ioctl.h>
#include <sys/select.h>
#include <sys/socket.h>
#include <sys/time.h>
#include <sys/uio.h>
#include <time.h>
#include <fcntl.h>
#include <unistd.h>

int main(int argc, char** argv)
{
  (void)argv;
#ifndef strncmpi
  return ((int*)(&strncmpi))[argc];
#else
  (void)argc;
  return 0;
#endif
}
Determining if the strnicmp exist failed with the following output:
Change Dir: /Humanoid-MPC/mujoco_mpc/build/CMakeFiles/CMakeTmp

Run Build Command(s):/usr/bin/ninja cmTC_4e3bc && [1/2] Building C object CMakeFiles/cmTC_4e3bc.dir/CheckSymbolExists.c.o
FAILED: CMakeFiles/cmTC_4e3bc.dir/CheckSymbolExists.c.o 
/usr/bin/clang-12 -D_GNU_SOURCE -D_POSIX_C_SOURCE=199309L -D_XOPEN_SOURCE=600  -fPIE -MD -MT CMakeFiles/cmTC_4e3bc.dir/CheckSymbolExists.c.o -MF CMakeFiles/cmTC_4e3bc.dir/CheckSymbolExists.c.o.d -o CMakeFiles/cmTC_4e3bc.dir/CheckSymbolExists.c.o -c /Humanoid-MPC/mujoco_mpc/build/CMakeFiles/CMakeTmp/CheckSymbolExists.c
/Humanoid-MPC/mujoco_mpc/build/CMakeFiles/CMakeTmp/CheckSymbolExists.c:27:19: error: use of undeclared identifier 'strnicmp'; did you mean 'strncmp'?
  return ((int*)(&strnicmp))[argc];
                  ^~~~~~~~
                  strncmp
/usr/include/string.h:159:12: note: 'strncmp' declared here
extern int strncmp (const char *__s1, const char *__s2, size_t __n)
           ^
1 error generated.
ninja: build stopped: subcommand failed.


File /Humanoid-MPC/mujoco_mpc/build/CMakeFiles/CMakeTmp/CheckSymbolExists.c:
/* */
#include <stdbool.h>
#include <sys/types.h>
#include <arpa/inet.h>
#include <arpa/nameser.h>
#include <netdb.h>
#include <net/if.h>
#include <netinet/in.h>
#include <netinet/tcp.h>
#include <signal.h>
#include <stdlib.h>
#include <string.h>
#include <strings.h>
#include <sys/ioctl.h>
#include <sys/select.h>
#include <sys/socket.h>
#include <sys/time.h>
#include <sys/uio.h>
#include <time.h>
#include <fcntl.h>
#include <unistd.h>

int main(int argc, char** argv)
{
  (void)argv;
#ifndef strnicmp
  return ((int*)(&strnicmp))[argc];
#else
  (void)argc;
  return 0;
#endif
}
Determining if the arc4random_buf exist failed with the following output:
Change Dir: /Humanoid-MPC/mujoco_mpc/build/CMakeFiles/CMakeTmp

Run Build Command(s):/usr/bin/ninja cmTC_41c1f && [1/2] Building C object CMakeFiles/cmTC_41c1f.dir/CheckSymbolExists.c.o
FAILED: CMakeFiles/cmTC_41c1f.dir/CheckSymbolExists.c.o 
/usr/bin/clang-12 -D_GNU_SOURCE -D_POSIX_C_SOURCE=199309L -D_XOPEN_SOURCE=600  -fPIE -MD -MT CMakeFiles/cmTC_41c1f.dir/CheckSymbolExists.c.o -MF CMakeFiles/cmTC_41c1f.dir/CheckSymbolExists.c.o.d -o CMakeFiles/cmTC_41c1f.dir/CheckSymbolExists.c.o -c /Humanoid-MPC/mujoco_mpc/build/CMakeFiles/CMakeTmp/CheckSymbolExists.c
/Humanoid-MPC/mujoco_mpc/build/CMakeFiles/CMakeTmp/CheckSymbolExists.c:27:19: error: use of undeclared identifier 'arc4random_buf'
  return ((int*)(&arc4random_buf))[argc];
                  ^
1 error generated.
ninja: build stopped: subcommand failed.


File /Humanoid-MPC/mujoco_mpc/build/CMakeFiles/CMakeTmp/CheckSymbolExists.c:
/* */
#include <stdbool.h>
#include <sys/types.h>
#include <arpa/inet.h>
#include <arpa/nameser.h>
#include <netdb.h>
#include <net/if.h>
#include <netinet/in.h>
#include <netinet/tcp.h>
#include <signal.h>
#include <stdlib.h>
#include <string.h>
#include <strings.h>
#include <sys/ioctl.h>
#include <sys/select.h>
#include <sys/socket.h>
#include <sys/time.h>
#include <sys/uio.h>
#include <time.h>
#include <fcntl.h>
#include <unistd.h>

int main(int argc, char** argv)
{
  (void)argv;
#ifndef arc4random_buf
  return ((int*)(&arc4random_buf))[argc];
#else
  (void)argc;
  return 0;
#endif
}
Determining if the function __system_property_get exists failed with the following output:
Change Dir: /Humanoid-MPC/mujoco_mpc/build/CMakeFiles/CMakeTmp

Run Build Command(s):/usr/bin/ninja cmTC_a2c59 && [1/2] Building C object CMakeFiles/cmTC_a2c59.dir/CheckFunctionExists.c.o
[2/2] Linking C executable cmTC_a2c59
FAILED: cmTC_a2c59 
: && /usr/bin/clang-12 -DCHECK_FUNCTION_EXISTS=__system_property_get  CMakeFiles/cmTC_a2c59.dir/CheckFunctionExists.c.o -o cmTC_a2c59   && :
/usr/bin/ld: CMakeFiles/cmTC_a2c59.dir/CheckFunctionExists.c.o: in function `main':
CheckFunctionExists.c:(.text+0x17): undefined reference to `__system_property_get'
clang: error: linker command failed with exit code 1 (use -v to see invocation)
ninja: build stopped: subcommand failed.



Checking whether the ASM compiler is GNU using "--version" did not match "(GNU assembler)|(GCC)|(Free Software Foundation)":
Ubuntu clang version 12.0.1-19ubuntu3
Target: x86_64-pc-linux-gnu
Thread model: posix
InstalledDir: /usr/bin
