The system is: Linux - 5.15.133.1-microsoft-standard-WSL2 - x86_64
Compiling the C compiler identification source file "CMakeCCompilerId.c" succeeded.
Compiler: /usr/bin/clang-12 
Build flags: 
Id flags:  

The output was:
0


Compilation of the C compiler identification source "CMakeCCompilerId.c" produced "a.out"

The C compiler identification is Clang, found in "/Humanoid-MPC/mujoco_mpc/build/CMakeFiles/3.22.1/CompilerIdC/a.out"

Compiling the CXX compiler identification source file "CMakeCXXCompilerId.cpp" succeeded.
Compiler: /usr/bin/clang++-12 
Build flags: 
Id flags:  

The output was:
0


Compilation of the CXX compiler identification source "CMakeCXXCompilerId.cpp" produced "a.out"

The CXX compiler identification is Clang, found in "/Humanoid-MPC/mujoco_mpc/build/CMakeFiles/3.22.1/CompilerIdCXX/a.out"

Detecting C compiler ABI info compiled with the following output:
Change Dir: /Humanoid-MPC/mujoco_mpc/build/CMakeFiles/CMakeTmp

Run Build Command(s):/usr/bin/ninja cmTC_d2ac0 && [1/2] Building C object CMakeFiles/cmTC_d2ac0.dir/CMakeCCompilerABI.c.o
Ubuntu clang version 12.0.1-19ubuntu3
Target: x86_64-pc-linux-gnu
Thread model: posix
InstalledDir: /usr/bin
Found candidate GCC installation: /usr/bin/../lib/gcc/x86_64-linux-gnu/11
Found candidate GCC installation: /usr/lib/gcc/x86_64-linux-gnu/11
Selected GCC installation: /usr/bin/../lib/gcc/x86_64-linux-gnu/11
Candidate multilib: .;@m64
Selected multilib: .;@m64
 (in-process)
 "/usr/lib/llvm-12/bin/clang" -cc1 -triple x86_64-pc-linux-gnu -emit-obj -mrelax-all --mrelax-relocations -disable-free -disable-llvm-verifier -discard-value-names -main-file-name CMakeCCompilerABI.c -mrelocation-model static -mframe-pointer=all -fmath-errno -fno-rounding-math -mconstructor-aliases -munwind-tables -target-cpu x86-64 -tune-cpu generic -fno-split-dwarf-inlining -debugger-tuning=gdb -v -resource-dir /usr/lib/llvm-12/lib/clang/12.0.1 -dependency-file CMakeFiles/cmTC_d2ac0.dir/CMakeCCompilerABI.c.o.d -MT CMakeFiles/cmTC_d2ac0.dir/CMakeCCompilerABI.c.o -sys-header-deps -internal-isystem /usr/local/include -internal-isystem /usr/lib/llvm-12/lib/clang/12.0.1/include -internal-externc-isystem /usr/include/x86_64-linux-gnu -internal-externc-isystem /include -internal-externc-isystem /usr/include -fdebug-compilation-dir /Humanoid-MPC/mujoco_mpc/build/CMakeFiles/CMakeTmp -ferror-limit 19 -fgnuc-version=4.2.1 -faddrsig -o CMakeFiles/cmTC_d2ac0.dir/CMakeCCompilerABI.c.o -x c /usr/share/cmake-3.22/Modules/CMakeCCompilerABI.c
clang -cc1 version 12.0.1 based upon LLVM 12.0.1 default target x86_64-pc-linux-gnu
ignoring nonexistent directory "/include"
#include "..." search starts here:
#include <...> search starts here:
 /usr/local/include
 /usr/lib/llvm-12/lib/clang/12.0.1/include
 /usr/include/x86_64-linux-gnu
 /usr/include
End of search list.
[2/2] Linking C executable cmTC_d2ac0
Ubuntu clang version 12.0.1-19ubuntu3
Target: x86_64-pc-linux-gnu
Thread model: posix
InstalledDir: /usr/bin
Found candidate GCC installation: /usr/bin/../lib/gcc/x86_64-linux-gnu/11
Found candidate GCC installation: /usr/lib/gcc/x86_64-linux-gnu/11
Selected GCC installation: /usr/bin/../lib/gcc/x86_64-linux-gnu/11
Candidate multilib: .;@m64
Selected multilib: .;@m64
 "/usr/bin/ld" --build-id --eh-frame-hdr -m elf_x86_64 -dynamic-linker /lib64/ld-linux-x86-64.so.2 -o cmTC_d2ac0 /usr/bin/../lib/gcc/x86_64-linux-gnu/11/../../../x86_64-linux-gnu/crt1.o /usr/bin/../lib/gcc/x86_64-linux-gnu/11/../../../x86_64-linux-gnu/crti.o /usr/bin/../lib/gcc/x86_64-linux-gnu/11/crtbegin.o -L/usr/bin/../lib/gcc/x86_64-linux-gnu/11 -L/usr/bin/../lib/gcc/x86_64-linux-gnu/11/../../../x86_64-linux-gnu -L/usr/bin/../lib/gcc/x86_64-linux-gnu/11/../../../../lib64 -L/lib/x86_64-linux-gnu -L/lib/../lib64 -L/usr/lib/x86_64-linux-gnu -L/usr/lib/../lib64 -L/usr/lib/x86_64-linux-gnu/../../lib64 -L/usr/bin/../lib/gcc/x86_64-linux-gnu/11/../../.. -L/usr/lib/llvm-12/bin/../lib -L/lib -L/usr/lib CMakeFiles/cmTC_d2ac0.dir/CMakeCCompilerABI.c.o -lgcc --as-needed -lgcc_s --no-as-needed -lc -lgcc --as-needed -lgcc_s --no-as-needed /usr/bin/../lib/gcc/x86_64-linux-gnu/11/crtend.o /usr/bin/../lib/gcc/x86_64-linux-gnu/11/../../../x86_64-linux-gnu/crtn.o



Parsed C implicit include dir info from above output: rv=done
  found start of include info
  found start of implicit include info
    add: [/usr/local/include]
    add: [/usr/lib/llvm-12/lib/clang/12.0.1/include]
    add: [/usr/include/x86_64-linux-gnu]
    add: [/usr/include]
  end of search list found
  collapse include dir [/usr/local/include] ==> [/usr/local/include]
  collapse include dir [/usr/lib/llvm-12/lib/clang/12.0.1/include] ==> [/usr/lib/llvm-12/lib/clang/12.0.1/include]
  collapse include dir [/usr/include/x86_64-linux-gnu] ==> [/usr/include/x86_64-linux-gnu]
  collapse include dir [/usr/include] ==> [/usr/include]
  implicit include dirs: [/usr/local/include;/usr/lib/llvm-12/lib/clang/12.0.1/include;/usr/include/x86_64-linux-gnu;/usr/include]


Parsed C implicit link information from above output:
  link line regex: [^( *|.*[/\])(ld|CMAKE_LINK_STARTFILE-NOTFOUND|([^/\]+-)?ld|collect2)[^/\]*( |$)]
  ignore line: [Change Dir: /Humanoid-MPC/mujoco_mpc/build/CMakeFiles/CMakeTmp]
  ignore line: []
  ignore line: [Run Build Command(s):/usr/bin/ninja cmTC_d2ac0 && [1/2] Building C object CMakeFiles/cmTC_d2ac0.dir/CMakeCCompilerABI.c.o]
  ignore line: [Ubuntu clang version 12.0.1-19ubuntu3]
  ignore line: [Target: x86_64-pc-linux-gnu]
  ignore line: [Thread model: posix]
  ignore line: [InstalledDir: /usr/bin]
  ignore line: [Found candidate GCC installation: /usr/bin/../lib/gcc/x86_64-linux-gnu/11]
  ignore line: [Found candidate GCC installation: /usr/lib/gcc/x86_64-linux-gnu/11]
  ignore line: [Selected GCC installation: /usr/bin/../lib/gcc/x86_64-linux-gnu/11]
  ignore line: [Candidate multilib: .]
  ignore line: [@m64]
  ignore line: [Selected multilib: .]
  ignore line: [@m64]
  ignore line: [ (in-process)]
  ignore line: [ "/usr/lib/llvm-12/bin/clang" -cc1 -triple x86_64-pc-linux-gnu -emit-obj -mrelax-all --mrelax-relocations -disable-free -disable-llvm-verifier -discard-value-names -main-file-name CMakeCCompilerABI.c -mrelocation-model static -mframe-pointer=all -fmath-errno -fno-rounding-math -mconstructor-aliases -munwind-tables -target-cpu x86-64 -tune-cpu generic -fno-split-dwarf-inlining -debugger-tuning=gdb -v -resource-dir /usr/lib/llvm-12/lib/clang/12.0.1 -dependency-file CMakeFiles/cmTC_d2ac0.dir/CMakeCCompilerABI.c.o.d -MT CMakeFiles/cmTC_d2ac0.dir/CMakeCCompilerABI.c.o -sys-header-deps -internal-isystem /usr/local/include -internal-isystem /usr/lib/llvm-12/lib/clang/12.0.1/include -internal-externc-isystem /usr/include/x86_64-linux-gnu -internal-externc-isystem /include -internal-externc-isystem /usr/include -fdebug-compilation-dir /Humanoid-MPC/mujoco_mpc/build/CMakeFiles/CMakeTmp -ferror-limit 19 -fgnuc-version=4.2.1 -faddrsig -o CMakeFiles/cmTC_d2ac0.dir/CMakeCCompilerABI.c.o -x c /usr/share/cmake-3.22/Modules/CMakeCCompilerABI.c]
  ignore line: [clang -cc1 version 12.0.1 based upon LLVM 12.0.1 default target x86_64-pc-linux-gnu]
  ignore line: [ignoring nonexistent directory "/include"]
  ignore line: [#include "..." search starts here:]
  ignore line: [#include <...> search starts here:]
  ignore line: [ /usr/local/include]
  ignore line: [ /usr/lib/llvm-12/lib/clang/12.0.1/include]
  ignore line: [ /usr/include/x86_64-linux-gnu]
  ignore line: [ /usr/include]
  ignore line: [End of search list.]
  ignore line: [[2/2] Linking C executable cmTC_d2ac0]
  ignore line: [Ubuntu clang version 12.0.1-19ubuntu3]
  ignore line: [Target: x86_64-pc-linux-gnu]
  ignore line: [Thread model: posix]
  ignore line: [InstalledDir: /usr/bin]
  ignore line: [Found candidate GCC installation: /usr/bin/../lib/gcc/x86_64-linux-gnu/11]
  ignore line: [Found candidate GCC installation: /usr/lib/gcc/x86_64-linux-gnu/11]
  ignore line: [Selected GCC installation: /usr/bin/../lib/gcc/x86_64-linux-gnu/11]
  ignore line: [Candidate multilib: .]
  ignore line: [@m64]
  ignore line: [Selected multilib: .]
  ignore line: [@m64]
  link line: [ "/usr/bin/ld" --build-id --eh-frame-hdr -m elf_x86_64 -dynamic-linker /lib64/ld-linux-x86-64.so.2 -o cmTC_d2ac0 /usr/bin/../lib/gcc/x86_64-linux-gnu/11/../../../x86_64-linux-gnu/crt1.o /usr/bin/../lib/gcc/x86_64-linux-gnu/11/../../../x86_64-linux-gnu/crti.o /usr/bin/../lib/gcc/x86_64-linux-gnu/11/crtbegin.o -L/usr/bin/../lib/gcc/x86_64-linux-gnu/11 -L/usr/bin/../lib/gcc/x86_64-linux-gnu/11/../../../x86_64-linux-gnu -L/usr/bin/../lib/gcc/x86_64-linux-gnu/11/../../../../lib64 -L/lib/x86_64-linux-gnu -L/lib/../lib64 -L/usr/lib/x86_64-linux-gnu -L/usr/lib/../lib64 -L/usr/lib/x86_64-linux-gnu/../../lib64 -L/usr/bin/../lib/gcc/x86_64-linux-gnu/11/../../.. -L/usr/lib/llvm-12/bin/../lib -L/lib -L/usr/lib CMakeFiles/cmTC_d2ac0.dir/CMakeCCompilerABI.c.o -lgcc --as-needed -lgcc_s --no-as-needed -lc -lgcc --as-needed -lgcc_s --no-as-needed /usr/bin/../lib/gcc/x86_64-linux-gnu/11/crtend.o /usr/bin/../lib/gcc/x86_64-linux-gnu/11/../../../x86_64-linux-gnu/crtn.o]
    arg [/usr/bin/ld] ==> ignore
    arg [--build-id] ==> ignore
    arg [--eh-frame-hdr] ==> ignore
    arg [-m] ==> ignore
    arg [elf_x86_64] ==> ignore
    arg [-dynamic-linker] ==> ignore
    arg [/lib64/ld-linux-x86-64.so.2] ==> ignore
    arg [-o] ==> ignore
    arg [cmTC_d2ac0] ==> ignore
    arg [/usr/bin/../lib/gcc/x86_64-linux-gnu/11/../../../x86_64-linux-gnu/crt1.o] ==> obj [/usr/bin/../lib/gcc/x86_64-linux-gnu/11/../../../x86_64-linux-gnu/crt1.o]
    arg [/usr/bin/../lib/gcc/x86_64-linux-gnu/11/../../../x86_64-linux-gnu/crti.o] ==> obj [/usr/bin/../lib/gcc/x86_64-linux-gnu/11/../../../x86_64-linux-gnu/crti.o]
    arg [/usr/bin/../lib/gcc/x86_64-linux-gnu/11/crtbegin.o] ==> obj [/usr/bin/../lib/gcc/x86_64-linux-gnu/11/crtbegin.o]
    arg [-L/usr/bin/../lib/gcc/x86_64-linux-gnu/11] ==> dir [/usr/bin/../lib/gcc/x86_64-linux-gnu/11]
    arg [-L/usr/bin/../lib/gcc/x86_64-linux-gnu/11/../../../x86_64-linux-gnu] ==> dir [/usr/bin/../lib/gcc/x86_64-linux-gnu/11/../../../x86_64-linux-gnu]
    arg [-L/usr/bin/../lib/gcc/x86_64-linux-gnu/11/../../../../lib64] ==> dir [/usr/bin/../lib/gcc/x86_64-linux-gnu/11/../../../../lib64]
    arg [-L/lib/x86_64-linux-gnu] ==> dir [/lib/x86_64-linux-gnu]
    arg [-L/lib/../lib64] ==> dir [/lib/../lib64]
    arg [-L/usr/lib/x86_64-linux-gnu] ==> dir [/usr/lib/x86_64-linux-gnu]
    arg [-L/usr/lib/../lib64] ==> dir [/usr/lib/../lib64]
    arg [-L/usr/lib/x86_64-linux-gnu/../../lib64] ==> dir [/usr/lib/x86_64-linux-gnu/../../lib64]
    arg [-L/usr/bin/../lib/gcc/x86_64-linux-gnu/11/../../..] ==> dir [/usr/bin/../lib/gcc/x86_64-linux-gnu/11/../../..]
    arg [-L/usr/lib/llvm-12/bin/../lib] ==> dir [/usr/lib/llvm-12/bin/../lib]
    arg [-L/lib] ==> dir [/lib]
    arg [-L/usr/lib] ==> dir [/usr/lib]
    arg [CMakeFiles/cmTC_d2ac0.dir/CMakeCCompilerABI.c.o] ==> ignore
    arg [-lgcc] ==> lib [gcc]
    arg [--as-needed] ==> ignore
    arg [-lgcc_s] ==> lib [gcc_s]
    arg [--no-as-needed] ==> ignore
    arg [-lc] ==> lib [c]
    arg [-lgcc] ==> lib [gcc]
    arg [--as-needed] ==> ignore
    arg [-lgcc_s] ==> lib [gcc_s]
    arg [--no-as-needed] ==> ignore
    arg [/usr/bin/../lib/gcc/x86_64-linux-gnu/11/crtend.o] ==> obj [/usr/bin/../lib/gcc/x86_64-linux-gnu/11/crtend.o]
    arg [/usr/bin/../lib/gcc/x86_64-linux-gnu/11/../../../x86_64-linux-gnu/crtn.o] ==> obj [/usr/bin/../lib/gcc/x86_64-linux-gnu/11/../../../x86_64-linux-gnu/crtn.o]
  collapse obj [/usr/bin/../lib/gcc/x86_64-linux-gnu/11/../../../x86_64-linux-gnu/crt1.o] ==> [/usr/lib/x86_64-linux-gnu/crt1.o]
  collapse obj [/usr/bin/../lib/gcc/x86_64-linux-gnu/11/../../../x86_64-linux-gnu/crti.o] ==> [/usr/lib/x86_64-linux-gnu/crti.o]
  collapse obj [/usr/bin/../lib/gcc/x86_64-linux-gnu/11/crtbegin.o] ==> [/usr/lib/gcc/x86_64-linux-gnu/11/crtbegin.o]
  collapse obj [/usr/bin/../lib/gcc/x86_64-linux-gnu/11/crtend.o] ==> [/usr/lib/gcc/x86_64-linux-gnu/11/crtend.o]
  collapse obj [/usr/bin/../lib/gcc/x86_64-linux-gnu/11/../../../x86_64-linux-gnu/crtn.o] ==> [/usr/lib/x86_64-linux-gnu/crtn.o]
  collapse library dir [/usr/bin/../lib/gcc/x86_64-linux-gnu/11] ==> [/usr/lib/gcc/x86_64-linux-gnu/11]
  collapse library dir [/usr/bin/../lib/gcc/x86_64-linux-gnu/11/../../../x86_64-linux-gnu] ==> [/usr/lib/x86_64-linux-gnu]
  collapse library dir [/usr/bin/../lib/gcc/x86_64-linux-gnu/11/../../../../lib64] ==> [/usr/lib64]
  collapse library dir [/lib/x86_64-linux-gnu] ==> [/lib/x86_64-linux-gnu]
  collapse library dir [/lib/../lib64] ==> [/lib64]
  collapse library dir [/usr/lib/x86_64-linux-gnu] ==> [/usr/lib/x86_64-linux-gnu]
  collapse library dir [/usr/lib/../lib64] ==> [/usr/lib64]
  collapse library dir [/usr/lib/x86_64-linux-gnu/../../lib64] ==> [/usr/lib64]
  collapse library dir [/usr/bin/../lib/gcc/x86_64-linux-gnu/11/../../..] ==> [/usr/lib]
  collapse library dir [/usr/lib/llvm-12/bin/../lib] ==> [/usr/lib/llvm-12/lib]
  collapse library dir [/lib] ==> [/lib]
  collapse library dir [/usr/lib] ==> [/usr/lib]
  implicit libs: [gcc;gcc_s;c;gcc;gcc_s]
  implicit objs: [/usr/lib/x86_64-linux-gnu/crt1.o;/usr/lib/x86_64-linux-gnu/crti.o;/usr/lib/gcc/x86_64-linux-gnu/11/crtbegin.o;/usr/lib/gcc/x86_64-linux-gnu/11/crtend.o;/usr/lib/x86_64-linux-gnu/crtn.o]
  implicit dirs: [/usr/lib/gcc/x86_64-linux-gnu/11;/usr/lib/x86_64-linux-gnu;/usr/lib64;/lib/x86_64-linux-gnu;/lib64;/usr/lib;/usr/lib/llvm-12/lib;/lib]
  implicit fwks: []


Detecting CXX compiler ABI info compiled with the following output:
Change Dir: /Humanoid-MPC/mujoco_mpc/build/CMakeFiles/CMakeTmp

Run Build Command(s):/usr/bin/ninja cmTC_4b220 && [1/2] Building CXX object CMakeFiles/cmTC_4b220.dir/CMakeCXXCompilerABI.cpp.o
Ubuntu clang version 12.0.1-19ubuntu3
Target: x86_64-pc-linux-gnu
Thread model: posix
InstalledDir: /usr/bin
Found candidate GCC installation: /usr/bin/../lib/gcc/x86_64-linux-gnu/11
Found candidate GCC installation: /usr/lib/gcc/x86_64-linux-gnu/11
Selected GCC installation: /usr/bin/../lib/gcc/x86_64-linux-gnu/11
Candidate multilib: .;@m64
Selected multilib: .;@m64
 (in-process)
 "/usr/lib/llvm-12/bin/clang" -cc1 -triple x86_64-pc-linux-gnu -emit-obj -mrelax-all --mrelax-relocations -disable-free -disable-llvm-verifier -discard-value-names -main-file-name CMakeCXXCompilerABI.cpp -mrelocation-model static -mframe-pointer=all -fmath-errno -fno-rounding-math -mconstructor-aliases -munwind-tables -target-cpu x86-64 -tune-cpu generic -fno-split-dwarf-inlining -debugger-tuning=gdb -v -resource-dir /usr/lib/llvm-12/lib/clang/12.0.1 -dependency-file CMakeFiles/cmTC_4b220.dir/CMakeCXXCompilerABI.cpp.o.d -MT CMakeFiles/cmTC_4b220.dir/CMakeCXXCompilerABI.cpp.o -sys-header-deps -internal-isystem /usr/bin/../lib/gcc/x86_64-linux-gnu/11/../../../../include/c++/11 -internal-isystem /usr/bin/../lib/gcc/x86_64-linux-gnu/11/../../../../include/x86_64-linux-gnu/c++/11 -internal-isystem /usr/bin/../lib/gcc/x86_64-linux-gnu/11/../../../../include/x86_64-linux-gnu/c++/11 -internal-isystem /usr/bin/../lib/gcc/x86_64-linux-gnu/11/../../../../include/c++/11/backward -internal-isystem /usr/local/include -internal-isystem /usr/lib/llvm-12/lib/clang/12.0.1/include -internal-externc-isystem /usr/include/x86_64-linux-gnu -internal-externc-isystem /include -internal-externc-isystem /usr/include -fdeprecated-macro -fdebug-compilation-dir /Humanoid-MPC/mujoco_mpc/build/CMakeFiles/CMakeTmp -ferror-limit 19 -fgnuc-version=4.2.1 -fcxx-exceptions -fexceptions -faddrsig -o CMakeFiles/cmTC_4b220.dir/CMakeCXXCompilerABI.cpp.o -x c++ /usr/share/cmake-3.22/Modules/CMakeCXXCompilerABI.cpp
clang -cc1 version 12.0.1 based upon LLVM 12.0.1 default target x86_64-pc-linux-gnu
ignoring nonexistent directory "/include"
ignoring duplicate directory "/usr/bin/../lib/gcc/x86_64-linux-gnu/11/../../../../include/x86_64-linux-gnu/c++/11"
#include "..." search starts here:
#include <...> search starts here:
 /usr/bin/../lib/gcc/x86_64-linux-gnu/11/../../../../include/c++/11
 /usr/bin/../lib/gcc/x86_64-linux-gnu/11/../../../../include/x86_64-linux-gnu/c++/11
 /usr/bin/../lib/gcc/x86_64-linux-gnu/11/../../../../include/c++/11/backward
 /usr/local/include
 /usr/lib/llvm-12/lib/clang/12.0.1/include
 /usr/include/x86_64-linux-gnu
 /usr/include
End of search list.
[2/2] Linking CXX executable cmTC_4b220
Ubuntu clang version 12.0.1-19ubuntu3
Target: x86_64-pc-linux-gnu
Thread model: posix
InstalledDir: /usr/bin
Found candidate GCC installation: /usr/bin/../lib/gcc/x86_64-linux-gnu/11
Found candidate GCC installation: /usr/lib/gcc/x86_64-linux-gnu/11
Selected GCC installation: /usr/bin/../lib/gcc/x86_64-linux-gnu/11
Candidate multilib: .;@m64
Selected multilib: .;@m64
 "/usr/bin/ld" --build-id --eh-frame-hdr -m elf_x86_64 -dynamic-linker /lib64/ld-linux-x86-64.so.2 -o cmTC_4b220 /usr/bin/../lib/gcc/x86_64-linux-gnu/11/../../../x86_64-linux-gnu/crt1.o /usr/bin/../lib/gcc/x86_64-linux-gnu/11/../../../x86_64-linux-gnu/crti.o /usr/bin/../lib/gcc/x86_64-linux-gnu/11/crtbegin.o -L/usr/bin/../lib/gcc/x86_64-linux-gnu/11 -L/usr/bin/../lib/gcc/x86_64-linux-gnu/11/../../../x86_64-linux-gnu -L/usr/bin/../lib/gcc/x86_64-linux-gnu/11/../../../../lib64 -L/lib/x86_64-linux-gnu -L/lib/../lib64 -L/usr/lib/x86_64-linux-gnu -L/usr/lib/../lib64 -L/usr/lib/x86_64-linux-gnu/../../lib64 -L/usr/bin/../lib/gcc/x86_64-linux-gnu/11/../../.. -L/usr/lib/llvm-12/bin/../lib -L/lib -L/usr/lib CMakeFiles/cmTC_4b220.dir/CMakeCXXCompilerABI.cpp.o -lstdc++ -lm -lgcc_s -lgcc -lc -lgcc_s -lgcc /usr/bin/../lib/gcc/x86_64-linux-gnu/11/crtend.o /usr/bin/../lib/gcc/x86_64-linux-gnu/11/../../../x86_64-linux-gnu/crtn.o



Parsed CXX implicit include dir info from above output: rv=done
  found start of include info
  found start of implicit include info
    add: [/usr/bin/../lib/gcc/x86_64-linux-gnu/11/../../../../include/c++/11]
    add: [/usr/bin/../lib/gcc/x86_64-linux-gnu/11/../../../../include/x86_64-linux-gnu/c++/11]
    add: [/usr/bin/../lib/gcc/x86_64-linux-gnu/11/../../../../include/c++/11/backward]
    add: [/usr/local/include]
    add: [/usr/lib/llvm-12/lib/clang/12.0.1/include]
    add: [/usr/include/x86_64-linux-gnu]
    add: [/usr/include]
  end of search list found
  collapse include dir [/usr/bin/../lib/gcc/x86_64-linux-gnu/11/../../../../include/c++/11] ==> [/usr/include/c++/11]
  collapse include dir [/usr/bin/../lib/gcc/x86_64-linux-gnu/11/../../../../include/x86_64-linux-gnu/c++/11] ==> [/usr/include/x86_64-linux-gnu/c++/11]
  collapse include dir [/usr/bin/../lib/gcc/x86_64-linux-gnu/11/../../../../include/c++/11/backward] ==> [/usr/include/c++/11/backward]
  collapse include dir [/usr/local/include] ==> [/usr/local/include]
  collapse include dir [/usr/lib/llvm-12/lib/clang/12.0.1/include] ==> [/usr/lib/llvm-12/lib/clang/12.0.1/include]
  collapse include dir [/usr/include/x86_64-linux-gnu] ==> [/usr/include/x86_64-linux-gnu]
  collapse include dir [/usr/include] ==> [/usr/include]
  implicit include dirs: [/usr/include/c++/11;/usr/include/x86_64-linux-gnu/c++/11;/usr/include/c++/11/backward;/usr/local/include;/usr/lib/llvm-12/lib/clang/12.0.1/include;/usr/include/x86_64-linux-gnu;/usr/include]


Parsed CXX implicit link information from above output:
  link line regex: [^( *|.*[/\])(ld|CMAKE_LINK_STARTFILE-NOTFOUND|([^/\]+-)?ld|collect2)[^/\]*( |$)]
  ignore line: [Change Dir: /Humanoid-MPC/mujoco_mpc/build/CMakeFiles/CMakeTmp]
  ignore line: []
  ignore line: [Run Build Command(s):/usr/bin/ninja cmTC_4b220 && [1/2] Building CXX object CMakeFiles/cmTC_4b220.dir/CMakeCXXCompilerABI.cpp.o]
  ignore line: [Ubuntu clang version 12.0.1-19ubuntu3]
  ignore line: [Target: x86_64-pc-linux-gnu]
  ignore line: [Thread model: posix]
  ignore line: [InstalledDir: /usr/bin]
  ignore line: [Found candidate GCC installation: /usr/bin/../lib/gcc/x86_64-linux-gnu/11]
  ignore line: [Found candidate GCC installation: /usr/lib/gcc/x86_64-linux-gnu/11]
  ignore line: [Selected GCC installation: /usr/bin/../lib/gcc/x86_64-linux-gnu/11]
  ignore line: [Candidate multilib: .]
  ignore line: [@m64]
  ignore line: [Selected multilib: .]
  ignore line: [@m64]
  ignore line: [ (in-process)]
  ignore line: [ "/usr/lib/llvm-12/bin/clang" -cc1 -triple x86_64-pc-linux-gnu -emit-obj -mrelax-all --mrelax-relocations -disable-free -disable-llvm-verifier -discard-value-names -main-file-name CMakeCXXCompilerABI.cpp -mrelocation-model static -mframe-pointer=all -fmath-errno -fno-rounding-math -mconstructor-aliases -munwind-tables -target-cpu x86-64 -tune-cpu generic -fno-split-dwarf-inlining -debugger-tuning=gdb -v -resource-dir /usr/lib/llvm-12/lib/clang/12.0.1 -dependency-file CMakeFiles/cmTC_4b220.dir/CMakeCXXCompilerABI.cpp.o.d -MT CMakeFiles/cmTC_4b220.dir/CMakeCXXCompilerABI.cpp.o -sys-header-deps -internal-isystem /usr/bin/../lib/gcc/x86_64-linux-gnu/11/../../../../include/c++/11 -internal-isystem /usr/bin/../lib/gcc/x86_64-linux-gnu/11/../../../../include/x86_64-linux-gnu/c++/11 -internal-isystem /usr/bin/../lib/gcc/x86_64-linux-gnu/11/../../../../include/x86_64-linux-gnu/c++/11 -internal-isystem /usr/bin/../lib/gcc/x86_64-linux-gnu/11/../../../../include/c++/11/backward -internal-isystem /usr/local/include -internal-isystem /usr/lib/llvm-12/lib/clang/12.0.1/include -internal-externc-isystem /usr/include/x86_64-linux-gnu -internal-externc-isystem /include -internal-externc-isystem /usr/include -fdeprecated-macro -fdebug-compilation-dir /Humanoid-MPC/mujoco_mpc/build/CMakeFiles/CMakeTmp -ferror-limit 19 -fgnuc-version=4.2.1 -fcxx-exceptions -fexceptions -faddrsig -o CMakeFiles/cmTC_4b220.dir/CMakeCXXCompilerABI.cpp.o -x c++ /usr/share/cmake-3.22/Modules/CMakeCXXCompilerABI.cpp]
  ignore line: [clang -cc1 version 12.0.1 based upon LLVM 12.0.1 default target x86_64-pc-linux-gnu]
  ignore line: [ignoring nonexistent directory "/include"]
  ignore line: [ignoring duplicate directory "/usr/bin/../lib/gcc/x86_64-linux-gnu/11/../../../../include/x86_64-linux-gnu/c++/11"]
  ignore line: [#include "..." search starts here:]
  ignore line: [#include <...> search starts here:]
  ignore line: [ /usr/bin/../lib/gcc/x86_64-linux-gnu/11/../../../../include/c++/11]
  ignore line: [ /usr/bin/../lib/gcc/x86_64-linux-gnu/11/../../../../include/x86_64-linux-gnu/c++/11]
  ignore line: [ /usr/bin/../lib/gcc/x86_64-linux-gnu/11/../../../../include/c++/11/backward]
  ignore line: [ /usr/local/include]
  ignore line: [ /usr/lib/llvm-12/lib/clang/12.0.1/include]
  ignore line: [ /usr/include/x86_64-linux-gnu]
  ignore line: [ /usr/include]
  ignore line: [End of search list.]
  ignore line: [[2/2] Linking CXX executable cmTC_4b220]
  ignore line: [Ubuntu clang version 12.0.1-19ubuntu3]
  ignore line: [Target: x86_64-pc-linux-gnu]
  ignore line: [Thread model: posix]
  ignore line: [InstalledDir: /usr/bin]
  ignore line: [Found candidate GCC installation: /usr/bin/../lib/gcc/x86_64-linux-gnu/11]
  ignore line: [Found candidate GCC installation: /usr/lib/gcc/x86_64-linux-gnu/11]
  ignore line: [Selected GCC installation: /usr/bin/../lib/gcc/x86_64-linux-gnu/11]
  ignore line: [Candidate multilib: .]
  ignore line: [@m64]
  ignore line: [Selected multilib: .]
  ignore line: [@m64]
  link line: [ "/usr/bin/ld" --build-id --eh-frame-hdr -m elf_x86_64 -dynamic-linker /lib64/ld-linux-x86-64.so.2 -o cmTC_4b220 /usr/bin/../lib/gcc/x86_64-linux-gnu/11/../../../x86_64-linux-gnu/crt1.o /usr/bin/../lib/gcc/x86_64-linux-gnu/11/../../../x86_64-linux-gnu/crti.o /usr/bin/../lib/gcc/x86_64-linux-gnu/11/crtbegin.o -L/usr/bin/../lib/gcc/x86_64-linux-gnu/11 -L/usr/bin/../lib/gcc/x86_64-linux-gnu/11/../../../x86_64-linux-gnu -L/usr/bin/../lib/gcc/x86_64-linux-gnu/11/../../../../lib64 -L/lib/x86_64-linux-gnu -L/lib/../lib64 -L/usr/lib/x86_64-linux-gnu -L/usr/lib/../lib64 -L/usr/lib/x86_64-linux-gnu/../../lib64 -L/usr/bin/../lib/gcc/x86_64-linux-gnu/11/../../.. -L/usr/lib/llvm-12/bin/../lib -L/lib -L/usr/lib CMakeFiles/cmTC_4b220.dir/CMakeCXXCompilerABI.cpp.o -lstdc++ -lm -lgcc_s -lgcc -lc -lgcc_s -lgcc /usr/bin/../lib/gcc/x86_64-linux-gnu/11/crtend.o /usr/bin/../lib/gcc/x86_64-linux-gnu/11/../../../x86_64-linux-gnu/crtn.o]
    arg [/usr/bin/ld] ==> ignore
    arg [--build-id] ==> ignore
    arg [--eh-frame-hdr] ==> ignore
    arg [-m] ==> ignore
    arg [elf_x86_64] ==> ignore
    arg [-dynamic-linker] ==> ignore
    arg [/lib64/ld-linux-x86-64.so.2] ==> ignore
    arg [-o] ==> ignore
    arg [cmTC_4b220] ==> ignore
    arg [/usr/bin/../lib/gcc/x86_64-linux-gnu/11/../../../x86_64-linux-gnu/crt1.o] ==> obj [/usr/bin/../lib/gcc/x86_64-linux-gnu/11/../../../x86_64-linux-gnu/crt1.o]
    arg [/usr/bin/../lib/gcc/x86_64-linux-gnu/11/../../../x86_64-linux-gnu/crti.o] ==> obj [/usr/bin/../lib/gcc/x86_64-linux-gnu/11/../../../x86_64-linux-gnu/crti.o]
    arg [/usr/bin/../lib/gcc/x86_64-linux-gnu/11/crtbegin.o] ==> obj [/usr/bin/../lib/gcc/x86_64-linux-gnu/11/crtbegin.o]
    arg [-L/usr/bin/../lib/gcc/x86_64-linux-gnu/11] ==> dir [/usr/bin/../lib/gcc/x86_64-linux-gnu/11]
    arg [-L/usr/bin/../lib/gcc/x86_64-linux-gnu/11/../../../x86_64-linux-gnu] ==> dir [/usr/bin/../lib/gcc/x86_64-linux-gnu/11/../../../x86_64-linux-gnu]
    arg [-L/usr/bin/../lib/gcc/x86_64-linux-gnu/11/../../../../lib64] ==> dir [/usr/bin/../lib/gcc/x86_64-linux-gnu/11/../../../../lib64]
    arg [-L/lib/x86_64-linux-gnu] ==> dir [/lib/x86_64-linux-gnu]
    arg [-L/lib/../lib64] ==> dir [/lib/../lib64]
    arg [-L/usr/lib/x86_64-linux-gnu] ==> dir [/usr/lib/x86_64-linux-gnu]
    arg [-L/usr/lib/../lib64] ==> dir [/usr/lib/../lib64]
    arg [-L/usr/lib/x86_64-linux-gnu/../../lib64] ==> dir [/usr/lib/x86_64-linux-gnu/../../lib64]
    arg [-L/usr/bin/../lib/gcc/x86_64-linux-gnu/11/../../..] ==> dir [/usr/bin/../lib/gcc/x86_64-linux-gnu/11/../../..]
    arg [-L/usr/lib/llvm-12/bin/../lib] ==> dir [/usr/lib/llvm-12/bin/../lib]
    arg [-L/lib] ==> dir [/lib]
    arg [-L/usr/lib] ==> dir [/usr/lib]
    arg [CMakeFiles/cmTC_4b220.dir/CMakeCXXCompilerABI.cpp.o] ==> ignore
    arg [-lstdc++] ==> lib [stdc++]
    arg [-lm] ==> lib [m]
    arg [-lgcc_s] ==> lib [gcc_s]
    arg [-lgcc] ==> lib [gcc]
    arg [-lc] ==> lib [c]
    arg [-lgcc_s] ==> lib [gcc_s]
    arg [-lgcc] ==> lib [gcc]
    arg [/usr/bin/../lib/gcc/x86_64-linux-gnu/11/crtend.o] ==> obj [/usr/bin/../lib/gcc/x86_64-linux-gnu/11/crtend.o]
    arg [/usr/bin/../lib/gcc/x86_64-linux-gnu/11/../../../x86_64-linux-gnu/crtn.o] ==> obj [/usr/bin/../lib/gcc/x86_64-linux-gnu/11/../../../x86_64-linux-gnu/crtn.o]
  collapse obj [/usr/bin/../lib/gcc/x86_64-linux-gnu/11/../../../x86_64-linux-gnu/crt1.o] ==> [/usr/lib/x86_64-linux-gnu/crt1.o]
  collapse obj [/usr/bin/../lib/gcc/x86_64-linux-gnu/11/../../../x86_64-linux-gnu/crti.o] ==> [/usr/lib/x86_64-linux-gnu/crti.o]
  collapse obj [/usr/bin/../lib/gcc/x86_64-linux-gnu/11/crtbegin.o] ==> [/usr/lib/gcc/x86_64-linux-gnu/11/crtbegin.o]
  collapse obj [/usr/bin/../lib/gcc/x86_64-linux-gnu/11/crtend.o] ==> [/usr/lib/gcc/x86_64-linux-gnu/11/crtend.o]
  collapse obj [/usr/bin/../lib/gcc/x86_64-linux-gnu/11/../../../x86_64-linux-gnu/crtn.o] ==> [/usr/lib/x86_64-linux-gnu/crtn.o]
  collapse library dir [/usr/bin/../lib/gcc/x86_64-linux-gnu/11] ==> [/usr/lib/gcc/x86_64-linux-gnu/11]
  collapse library dir [/usr/bin/../lib/gcc/x86_64-linux-gnu/11/../../../x86_64-linux-gnu] ==> [/usr/lib/x86_64-linux-gnu]
  collapse library dir [/usr/bin/../lib/gcc/x86_64-linux-gnu/11/../../../../lib64] ==> [/usr/lib64]
  collapse library dir [/lib/x86_64-linux-gnu] ==> [/lib/x86_64-linux-gnu]
  collapse library dir [/lib/../lib64] ==> [/lib64]
  collapse library dir [/usr/lib/x86_64-linux-gnu] ==> [/usr/lib/x86_64-linux-gnu]
  collapse library dir [/usr/lib/../lib64] ==> [/usr/lib64]
  collapse library dir [/usr/lib/x86_64-linux-gnu/../../lib64] ==> [/usr/lib64]
  collapse library dir [/usr/bin/../lib/gcc/x86_64-linux-gnu/11/../../..] ==> [/usr/lib]
  collapse library dir [/usr/lib/llvm-12/bin/../lib] ==> [/usr/lib/llvm-12/lib]
  collapse library dir [/lib] ==> [/lib]
  collapse library dir [/usr/lib] ==> [/usr/lib]
  implicit libs: [stdc++;m;gcc_s;gcc;c;gcc_s;gcc]
  implicit objs: [/usr/lib/x86_64-linux-gnu/crt1.o;/usr/lib/x86_64-linux-gnu/crti.o;/usr/lib/gcc/x86_64-linux-gnu/11/crtbegin.o;/usr/lib/gcc/x86_64-linux-gnu/11/crtend.o;/usr/lib/x86_64-linux-gnu/crtn.o]
  implicit dirs: [/usr/lib/gcc/x86_64-linux-gnu/11;/usr/lib/x86_64-linux-gnu;/usr/lib64;/lib/x86_64-linux-gnu;/lib64;/usr/lib;/usr/lib/llvm-12/lib;/lib]
  implicit fwks: []


Performing C SOURCE FILE Test CAN_BUILD_AVX succeeded with the following output:
Change Dir: /Humanoid-MPC/mujoco_mpc/build/CMakeFiles/CMakeTmp

Run Build Command(s):/usr/bin/ninja cmTC_f0b98 && [1/2] Building C object CMakeFiles/cmTC_f0b98.dir/src.c.o
[2/2] Linking C executable cmTC_f0b98


Source file was:

      #include <immintrin.h>
      int main(int argc, char* argv[]) {
        __m256d ymm;
        return 0;
      }
    
Performing C SOURCE FILE Test SUPPORTS_GOLD succeeded with the following output:
Change Dir: /Humanoid-MPC/mujoco_mpc/build/CMakeFiles/CMakeTmp

Run Build Command(s):/usr/bin/ninja cmTC_9737e && [1/2] Building C object CMakeFiles/cmTC_9737e.dir/src.c.o
clang: warning: argument unused during compilation: '-fuse-ld=gold' [-Wunused-command-line-argument]
[2/2] Linking C executable cmTC_9737e


Source file was:
int main() {}
Performing C SOURCE FILE Test SUPPORTS_GC_SECTIONS succeeded with the following output:
Change Dir: /Humanoid-MPC/mujoco_mpc/build/CMakeFiles/CMakeTmp

Run Build Command(s):/usr/bin/ninja cmTC_6b357 && [1/2] Building C object CMakeFiles/cmTC_6b357.dir/src.c.o
clang: warning: argument unused during compilation: '-fuse-ld=gold' [-Wunused-command-line-argument]
[2/2] Linking C executable cmTC_6b357


Source file was:
int main() {}
Determining if the include file pthread.h exists passed with the following output:
Change Dir: /Humanoid-MPC/mujoco_mpc/build/CMakeFiles/CMakeTmp

Run Build Command(s):/usr/bin/ninja cmTC_48989 && [1/2] Building C object CMakeFiles/cmTC_48989.dir/CheckIncludeFile.c.o
[2/2] Linking C executable cmTC_48989



Performing C SOURCE FILE Test CMAKE_HAVE_LIBC_PTHREAD succeeded with the following output:
Change Dir: /Humanoid-MPC/mujoco_mpc/build/CMakeFiles/CMakeTmp

Run Build Command(s):/usr/bin/ninja cmTC_3ee4d && [1/2] Building C object CMakeFiles/cmTC_3ee4d.dir/src.c.o
[2/2] Linking C executable cmTC_3ee4d


Source file was:
#include <pthread.h>

static void* test_func(void* data)
{
  return data;
}

int main(void)
{
  pthread_t thread;
  pthread_create(&thread, NULL, test_func, NULL);
  pthread_detach(thread);
  pthread_cancel(thread);
  pthread_join(thread, NULL);
  pthread_atfork(NULL, NULL, NULL);
  pthread_exit(NULL);

  return 0;
}

Determining if the include file sys/types.h exists passed with the following output:
Change Dir: /Humanoid-MPC/mujoco_mpc/build/CMakeFiles/CMakeTmp

Run Build Command(s):/usr/bin/ninja cmTC_fb0f0 && [1/2] Building C object CMakeFiles/cmTC_fb0f0.dir/CheckIncludeFile.c.o
[2/2] Linking C executable cmTC_fb0f0



Determining if the include file inttypes.h exists passed with the following output:
Change Dir: /Humanoid-MPC/mujoco_mpc/build/CMakeFiles/CMakeTmp

Run Build Command(s):/usr/bin/ninja cmTC_18c91 && [1/2] Building C object CMakeFiles/cmTC_18c91.dir/CheckIncludeFile.c.o
[2/2] Linking C executable cmTC_18c91



Determining if the include file stddef.h exists passed with the following output:
Change Dir: /Humanoid-MPC/mujoco_mpc/build/CMakeFiles/CMakeTmp

Run Build Command(s):/usr/bin/ninja cmTC_fd814 && [1/2] Building C object CMakeFiles/cmTC_fd814.dir/CheckIncludeFile.c.o
[2/2] Linking C executable cmTC_fd814



Determining if the include file stdint.h exists passed with the following output:
Change Dir: /Humanoid-MPC/mujoco_mpc/build/CMakeFiles/CMakeTmp

Run Build Command(s):/usr/bin/ninja cmTC_5ca28 && [1/2] Building C object CMakeFiles/cmTC_5ca28.dir/CheckIncludeFile.c.o
[2/2] Linking C executable cmTC_5ca28



Determining size of off_t passed with the following output:
Change Dir: /Humanoid-MPC/mujoco_mpc/build/CMakeFiles/CMakeTmp

Run Build Command(s):/usr/bin/ninja cmTC_972d1 && [1/2] Building C object CMakeFiles/cmTC_972d1.dir/SIZEOF_OFF_T.c.o
[2/2] Linking C executable cmTC_972d1



Determining if the fseeko exist passed with the following output:
Change Dir: /Humanoid-MPC/mujoco_mpc/build/CMakeFiles/CMakeTmp

Run Build Command(s):/usr/bin/ninja cmTC_4a93a && [1/2] Building C object CMakeFiles/cmTC_4a93a.dir/CheckSymbolExists.c.o
[2/2] Linking C executable cmTC_4a93a


File /Humanoid-MPC/mujoco_mpc/build/CMakeFiles/CMakeTmp/CheckSymbolExists.c:
/* */
#include <stdio.h>

int main(int argc, char** argv)
{
  (void)argv;
#ifndef fseeko
  return ((int*)(&fseeko))[argc];
#else
  (void)argc;
  return 0;
#endif
}
Determining if the ftello exist passed with the following output:
Change Dir: /Humanoid-MPC/mujoco_mpc/build/CMakeFiles/CMakeTmp

Run Build Command(s):/usr/bin/ninja cmTC_e733f && [1/2] Building C object CMakeFiles/cmTC_e733f.dir/CheckSymbolExists.c.o
[2/2] Linking C executable cmTC_e733f


File /Humanoid-MPC/mujoco_mpc/build/CMakeFiles/CMakeTmp/CheckSymbolExists.c:
/* */
#include <stdio.h>

int main(int argc, char** argv)
{
  (void)argv;
#ifndef ftello
  return ((int*)(&ftello))[argc];
#else
  (void)argc;
  return 0;
#endif
}
Determining if the PRIdMAX exist passed with the following output:
Change Dir: /Humanoid-MPC/mujoco_mpc/build/CMakeFiles/CMakeTmp

Run Build Command(s):/usr/bin/ninja cmTC_3652f && [1/2] Building C object CMakeFiles/cmTC_3652f.dir/CheckSymbolExists.c.o
[2/2] Linking C executable cmTC_3652f


File /Humanoid-MPC/mujoco_mpc/build/CMakeFiles/CMakeTmp/CheckSymbolExists.c:
/* */
#include <inttypes.h>

int main(int argc, char** argv)
{
  (void)argv;
#ifndef PRIdMAX
  return ((int*)(&PRIdMAX))[argc];
#else
  (void)argc;
  return 0;
#endif
}
Performing C++ SOURCE FILE Test COMPILER_SUPPORTS_VISIBILITY succeeded with the following output:
Change Dir: /Humanoid-MPC/mujoco_mpc/build/CMakeFiles/CMakeTmp

Run Build Command(s):/usr/bin/ninja cmTC_bdf2e && [1/2] Building CXX object CMakeFiles/cmTC_bdf2e.dir/src.cxx.o
[2/2] Linking CXX executable cmTC_bdf2e


Source file was:
int main() { return 0; }
Determining if the function XOpenDisplay exists in the /usr/lib/x86_64-linux-gnu/libX11.so;/usr/lib/x86_64-linux-gnu/libXext.so passed with the following output:
Change Dir: /Humanoid-MPC/mujoco_mpc/build/CMakeFiles/CMakeTmp

Run Build Command(s):/usr/bin/ninja cmTC_f411d && [1/2] Building C object CMakeFiles/cmTC_f411d.dir/CheckFunctionExists.c.o
[2/2] Linking C executable cmTC_f411d



Determining if the function gethostbyname exists passed with the following output:
Change Dir: /Humanoid-MPC/mujoco_mpc/build/CMakeFiles/CMakeTmp

Run Build Command(s):/usr/bin/ninja cmTC_2e45e && [1/2] Building C object CMakeFiles/cmTC_2e45e.dir/CheckFunctionExists.c.o
[2/2] Linking C executable cmTC_2e45e



Determining if the function connect exists passed with the following output:
Change Dir: /Humanoid-MPC/mujoco_mpc/build/CMakeFiles/CMakeTmp

Run Build Command(s):/usr/bin/ninja cmTC_eaf5c && [1/2] Building C object CMakeFiles/cmTC_eaf5c.dir/CheckFunctionExists.c.o
[2/2] Linking C executable cmTC_eaf5c



Determining if the function remove exists passed with the following output:
Change Dir: /Humanoid-MPC/mujoco_mpc/build/CMakeFiles/CMakeTmp

Run Build Command(s):/usr/bin/ninja cmTC_133e3 && [1/2] Building C object CMakeFiles/cmTC_133e3.dir/CheckFunctionExists.c.o
[2/2] Linking C executable cmTC_133e3



Determining if the function shmat exists passed with the following output:
Change Dir: /Humanoid-MPC/mujoco_mpc/build/CMakeFiles/CMakeTmp

Run Build Command(s):/usr/bin/ninja cmTC_bb32f && [1/2] Building C object CMakeFiles/cmTC_bb32f.dir/CheckFunctionExists.c.o
[2/2] Linking C executable cmTC_bb32f



Performing C++ SOURCE FILE Test ABSL_INTERNAL_AT_LEAST_CXX17 succeeded with the following output:
Change Dir: /Humanoid-MPC/mujoco_mpc/build/CMakeFiles/CMakeTmp

Run Build Command(s):/usr/bin/ninja cmTC_9e8f2 && [1/2] Building CXX object CMakeFiles/cmTC_9e8f2.dir/src.cxx.o
[2/2] Linking CXX executable cmTC_9e8f2


Source file was:
#ifdef _MSC_VER
#  if _MSVC_LANG < 201700L
#    error "The compiler defaults or is configured for C++ < 17"
#  endif
#elif __cplusplus < 201700L
#  error "The compiler defaults or is configured for C++ < 17"
#endif
int main() { return 0; }

Performing C++ SOURCE FILE Test HAVE_STDC_FORMAT_MACROS succeeded with the following output:
Change Dir: /Humanoid-MPC/mujoco_mpc/build/CMakeFiles/CMakeTmp

Run Build Command(s):/usr/bin/ninja cmTC_b03c6 && [1/2] Building CXX object CMakeFiles/cmTC_b03c6.dir/src.cxx.o
[2/2] Linking CXX executable cmTC_b03c6


Source file was:
#include <inttypes.h>
  #include <cstdio>
  int main()
  {
    int64_t i64{};
    std::printf("%" PRId64, i64);
  }
Determining if the function gethostbyname exists passed with the following output:
Change Dir: /Humanoid-MPC/mujoco_mpc/build/CMakeFiles/CMakeTmp

Run Build Command(s):/usr/bin/ninja cmTC_38877 && [1/2] Building C object CMakeFiles/cmTC_38877.dir/CheckFunctionExists.c.o
[2/2] Linking C executable cmTC_38877



Determining if the function socket exists passed with the following output:
Change Dir: /Humanoid-MPC/mujoco_mpc/build/CMakeFiles/CMakeTmp

Run Build Command(s):/usr/bin/ninja cmTC_3cf08 && [1/2] Building C object CMakeFiles/cmTC_3cf08.dir/CheckFunctionExists.c.o
[2/2] Linking C executable cmTC_3cf08



Determining if the function clock_gettime exists passed with the following output:
Change Dir: /Humanoid-MPC/mujoco_mpc/build/CMakeFiles/CMakeTmp

Run Build Command(s):/usr/bin/ninja cmTC_8d312 && [1/2] Building C object CMakeFiles/cmTC_8d312.dir/CheckFunctionExists.c.o
[2/2] Linking C executable cmTC_8d312



Determining if files sys/socket.h exist passed with the following output:
Change Dir: /Humanoid-MPC/mujoco_mpc/build/CMakeFiles/CMakeTmp

Run Build Command(s):/usr/bin/ninja cmTC_ce33b && [1/2] Building C object CMakeFiles/cmTC_ce33b.dir/HAVE_SYS_SOCKET_H.c.o
[2/2] Linking C executable cmTC_ce33b



Determining if files arpa/inet.h exist passed with the following output:
Change Dir: /Humanoid-MPC/mujoco_mpc/build/CMakeFiles/CMakeTmp

Run Build Command(s):/usr/bin/ninja cmTC_4bdcf && [1/2] Building C object CMakeFiles/cmTC_4bdcf.dir/HAVE_ARPA_INET_H.c.o
[2/2] Linking C executable cmTC_4bdcf



Determining if files arpa/nameser_compat.h exist passed with the following output:
Change Dir: /Humanoid-MPC/mujoco_mpc/build/CMakeFiles/CMakeTmp

Run Build Command(s):/usr/bin/ninja cmTC_3cf24 && [1/2] Building C object CMakeFiles/cmTC_3cf24.dir/HAVE_ARPA_NAMESER_COMPAT_H.c.o
[2/2] Linking C executable cmTC_3cf24



Determining if files arpa/nameser.h exist passed with the following output:
Change Dir: /Humanoid-MPC/mujoco_mpc/build/CMakeFiles/CMakeTmp

Run Build Command(s):/usr/bin/ninja cmTC_48d15 && [1/2] Building C object CMakeFiles/cmTC_48d15.dir/HAVE_ARPA_NAMESER_H.c.o
[2/2] Linking C executable cmTC_48d15



Determining if files assert.h exist passed with the following output:
Change Dir: /Humanoid-MPC/mujoco_mpc/build/CMakeFiles/CMakeTmp

Run Build Command(s):/usr/bin/ninja cmTC_b8781 && [1/2] Building C object CMakeFiles/cmTC_b8781.dir/HAVE_ASSERT_H.c.o
[2/2] Linking C executable cmTC_b8781



Determining if files errno.h exist passed with the following output:
Change Dir: /Humanoid-MPC/mujoco_mpc/build/CMakeFiles/CMakeTmp

Run Build Command(s):/usr/bin/ninja cmTC_af2f7 && [1/2] Building C object CMakeFiles/cmTC_af2f7.dir/HAVE_ERRNO_H.c.o
[2/2] Linking C executable cmTC_af2f7



Determining if files fcntl.h exist passed with the following output:
Change Dir: /Humanoid-MPC/mujoco_mpc/build/CMakeFiles/CMakeTmp

Run Build Command(s):/usr/bin/ninja cmTC_7919a && [1/2] Building C object CMakeFiles/cmTC_7919a.dir/HAVE_FCNTL_H.c.o
[2/2] Linking C executable cmTC_7919a



Determining if files limits.h exist passed with the following output:
Change Dir: /Humanoid-MPC/mujoco_mpc/build/CMakeFiles/CMakeTmp

Run Build Command(s):/usr/bin/ninja cmTC_2a6e7 && [1/2] Building C object CMakeFiles/cmTC_2a6e7.dir/HAVE_LIMITS_H.c.o
[2/2] Linking C executable cmTC_2a6e7



Determining if files malloc.h exist passed with the following output:
Change Dir: /Humanoid-MPC/mujoco_mpc/build/CMakeFiles/CMakeTmp

Run Build Command(s):/usr/bin/ninja cmTC_014a2 && [1/2] Building C object CMakeFiles/cmTC_014a2.dir/HAVE_MALLOC_H.c.o
[2/2] Linking C executable cmTC_014a2



Determining if files memory.h exist passed with the following output:
Change Dir: /Humanoid-MPC/mujoco_mpc/build/CMakeFiles/CMakeTmp

Run Build Command(s):/usr/bin/ninja cmTC_c161d && [1/2] Building C object CMakeFiles/cmTC_c161d.dir/HAVE_MEMORY_H.c.o
[2/2] Linking C executable cmTC_c161d



Determining if files netdb.h exist passed with the following output:
Change Dir: /Humanoid-MPC/mujoco_mpc/build/CMakeFiles/CMakeTmp

Run Build Command(s):/usr/bin/ninja cmTC_e8e72 && [1/2] Building C object CMakeFiles/cmTC_e8e72.dir/HAVE_NETDB_H.c.o
[2/2] Linking C executable cmTC_e8e72



Determining if files netinet/in.h exist passed with the following output:
Change Dir: /Humanoid-MPC/mujoco_mpc/build/CMakeFiles/CMakeTmp

Run Build Command(s):/usr/bin/ninja cmTC_2909d && [1/2] Building C object CMakeFiles/cmTC_2909d.dir/HAVE_NETINET_IN_H.c.o
[2/2] Linking C executable cmTC_2909d



Determining if files net/if.h exist passed with the following output:
Change Dir: /Humanoid-MPC/mujoco_mpc/build/CMakeFiles/CMakeTmp

Run Build Command(s):/usr/bin/ninja cmTC_29233 && [1/2] Building C object CMakeFiles/cmTC_29233.dir/HAVE_NET_IF_H.c.o
[2/2] Linking C executable cmTC_29233



Determining if files signal.h exist passed with the following output:
Change Dir: /Humanoid-MPC/mujoco_mpc/build/CMakeFiles/CMakeTmp

Run Build Command(s):/usr/bin/ninja cmTC_60501 && [1/2] Building C object CMakeFiles/cmTC_60501.dir/HAVE_SIGNAL_H.c.o
[2/2] Linking C executable cmTC_60501



Determining if files stdbool.h exist passed with the following output:
Change Dir: /Humanoid-MPC/mujoco_mpc/build/CMakeFiles/CMakeTmp

Run Build Command(s):/usr/bin/ninja cmTC_6b5ab && [1/2] Building C object CMakeFiles/cmTC_6b5ab.dir/HAVE_STDBOOL_H.c.o
[2/2] Linking C executable cmTC_6b5ab



Determining if files stdlib.h exist passed with the following output:
Change Dir: /Humanoid-MPC/mujoco_mpc/build/CMakeFiles/CMakeTmp

Run Build Command(s):/usr/bin/ninja cmTC_9a2f6 && [1/2] Building C object CMakeFiles/cmTC_9a2f6.dir/HAVE_STDLIB_H.c.o
[2/2] Linking C executable cmTC_9a2f6



Determining if files strings.h exist passed with the following output:
Change Dir: /Humanoid-MPC/mujoco_mpc/build/CMakeFiles/CMakeTmp

Run Build Command(s):/usr/bin/ninja cmTC_6b141 && [1/2] Building C object CMakeFiles/cmTC_6b141.dir/HAVE_STRINGS_H.c.o
[2/2] Linking C executable cmTC_6b141



Determining if files string.h exist passed with the following output:
Change Dir: /Humanoid-MPC/mujoco_mpc/build/CMakeFiles/CMakeTmp

Run Build Command(s):/usr/bin/ninja cmTC_f04ba && [1/2] Building C object CMakeFiles/cmTC_f04ba.dir/HAVE_STRING_H.c.o
[2/2] Linking C executable cmTC_f04ba



Determining if files sys/ioctl.h exist passed with the following output:
Change Dir: /Humanoid-MPC/mujoco_mpc/build/CMakeFiles/CMakeTmp

Run Build Command(s):/usr/bin/ninja cmTC_e786a && [1/2] Building C object CMakeFiles/cmTC_e786a.dir/HAVE_SYS_IOCTL_H.c.o
[2/2] Linking C executable cmTC_e786a



Determining if files sys/param.h exist passed with the following output:
Change Dir: /Humanoid-MPC/mujoco_mpc/build/CMakeFiles/CMakeTmp

Run Build Command(s):/usr/bin/ninja cmTC_6ed40 && [1/2] Building C object CMakeFiles/cmTC_6ed40.dir/HAVE_SYS_PARAM_H.c.o
[2/2] Linking C executable cmTC_6ed40



Determining if files sys/select.h exist passed with the following output:
Change Dir: /Humanoid-MPC/mujoco_mpc/build/CMakeFiles/CMakeTmp

Run Build Command(s):/usr/bin/ninja cmTC_dbf90 && [1/2] Building C object CMakeFiles/cmTC_dbf90.dir/HAVE_SYS_SELECT_H.c.o
[2/2] Linking C executable cmTC_dbf90



Determining if files sys/stat.h exist passed with the following output:
Change Dir: /Humanoid-MPC/mujoco_mpc/build/CMakeFiles/CMakeTmp

Run Build Command(s):/usr/bin/ninja cmTC_141c4 && [1/2] Building C object CMakeFiles/cmTC_141c4.dir/HAVE_SYS_STAT_H.c.o
[2/2] Linking C executable cmTC_141c4



Determining if files sys/time.h exist passed with the following output:
Change Dir: /Humanoid-MPC/mujoco_mpc/build/CMakeFiles/CMakeTmp

Run Build Command(s):/usr/bin/ninja cmTC_41b5f && [1/2] Building C object CMakeFiles/cmTC_41b5f.dir/HAVE_SYS_TIME_H.c.o
[2/2] Linking C executable cmTC_41b5f



Determining if files sys/uio.h exist passed with the following output:
Change Dir: /Humanoid-MPC/mujoco_mpc/build/CMakeFiles/CMakeTmp

Run Build Command(s):/usr/bin/ninja cmTC_3e9fe && [1/2] Building C object CMakeFiles/cmTC_3e9fe.dir/HAVE_SYS_UIO_H.c.o
[2/2] Linking C executable cmTC_3e9fe



Determining if files time.h exist passed with the following output:
Change Dir: /Humanoid-MPC/mujoco_mpc/build/CMakeFiles/CMakeTmp

Run Build Command(s):/usr/bin/ninja cmTC_df737 && [1/2] Building C object CMakeFiles/cmTC_df737.dir/HAVE_TIME_H.c.o
[2/2] Linking C executable cmTC_df737



Determining if files dlfcn.h exist passed with the following output:
Change Dir: /Humanoid-MPC/mujoco_mpc/build/CMakeFiles/CMakeTmp

Run Build Command(s):/usr/bin/ninja cmTC_35665 && [1/2] Building C object CMakeFiles/cmTC_35665.dir/HAVE_DLFCN_H.c.o
[2/2] Linking C executable cmTC_35665



Determining if files unistd.h exist passed with the following output:
Change Dir: /Humanoid-MPC/mujoco_mpc/build/CMakeFiles/CMakeTmp

Run Build Command(s):/usr/bin/ninja cmTC_62a75 && [1/2] Building C object CMakeFiles/cmTC_62a75.dir/HAVE_UNISTD_H.c.o
[2/2] Linking C executable cmTC_62a75



Determining if files sys/types.h;netinet/tcp.h exist passed with the following output:
Change Dir: /Humanoid-MPC/mujoco_mpc/build/CMakeFiles/CMakeTmp

Run Build Command(s):/usr/bin/ninja cmTC_40d1d && [1/2] Building C object CMakeFiles/cmTC_40d1d.dir/HAVE_NETINET_TCP_H.c.o
[2/2] Linking C executable cmTC_40d1d



Performing C SOURCE FILE Test HAVE_SOCKLEN_T succeeded with the following output:
Change Dir: /Humanoid-MPC/mujoco_mpc/build/CMakeFiles/CMakeTmp

Run Build Command(s):/usr/bin/ninja cmTC_c478d && [1/2] Building C object CMakeFiles/cmTC_c478d.dir/src.c.o
[2/2] Linking C executable cmTC_c478d


Source file was:

		#include <stdio.h>
		#include <stdlib.h>
	
		#include <stdbool.h>
		#include <sys/types.h>
		#include <arpa/inet.h>
		#include <arpa/nameser.h>
		#include <netdb.h>
		#include <net/if.h>
		#include <netinet/in.h>
		#include <netinet/tcp.h>
		#include <signal.h>
		#include <stdlib.h>
		#include <string.h>
		#include <strings.h>
		#include <sys/ioctl.h>
		#include <sys/select.h>
		#include <sys/socket.h>
		#include <sys/time.h>
		#include <sys/uio.h>
		#include <time.h>
		#include <fcntl.h>
		#include <unistd.h>
		int main() {
			socklen_t var_exists;
			(void)var_exists;
			return 0;
		}
	
Performing C SOURCE FILE Test HAVE_BOOL_T succeeded with the following output:
Change Dir: /Humanoid-MPC/mujoco_mpc/build/CMakeFiles/CMakeTmp

Run Build Command(s):/usr/bin/ninja cmTC_c75b7 && [1/2] Building C object CMakeFiles/cmTC_c75b7.dir/src.c.o
[2/2] Linking C executable cmTC_c75b7


Source file was:

		#include <stdio.h>
		#include <stdlib.h>
	
		#include <stdbool.h>
		#include <sys/types.h>
		#include <arpa/inet.h>
		#include <arpa/nameser.h>
		#include <netdb.h>
		#include <net/if.h>
		#include <netinet/in.h>
		#include <netinet/tcp.h>
		#include <signal.h>
		#include <stdlib.h>
		#include <string.h>
		#include <strings.h>
		#include <sys/ioctl.h>
		#include <sys/select.h>
		#include <sys/socket.h>
		#include <sys/time.h>
		#include <sys/uio.h>
		#include <time.h>
		#include <fcntl.h>
		#include <unistd.h>
		int main() {
			bool var_exists;
			(void)var_exists;
			return 0;
		}
	
Performing C SOURCE FILE Test HAVE_SSIZE_T succeeded with the following output:
Change Dir: /Humanoid-MPC/mujoco_mpc/build/CMakeFiles/CMakeTmp

Run Build Command(s):/usr/bin/ninja cmTC_d9ef5 && [1/2] Building C object CMakeFiles/cmTC_d9ef5.dir/src.c.o
[2/2] Linking C executable cmTC_d9ef5


Source file was:

		#include <stdio.h>
		#include <stdlib.h>
	
		#include <stdbool.h>
		#include <sys/types.h>
		#include <arpa/inet.h>
		#include <arpa/nameser.h>
		#include <netdb.h>
		#include <net/if.h>
		#include <netinet/in.h>
		#include <netinet/tcp.h>
		#include <signal.h>
		#include <stdlib.h>
		#include <string.h>
		#include <strings.h>
		#include <sys/ioctl.h>
		#include <sys/select.h>
		#include <sys/socket.h>
		#include <sys/time.h>
		#include <sys/uio.h>
		#include <time.h>
		#include <fcntl.h>
		#include <unistd.h>
		int main() {
			ssize_t var_exists;
			(void)var_exists;
			return 0;
		}
	
Performing C SOURCE FILE Test HAVE_LONGLONG succeeded with the following output:
Change Dir: /Humanoid-MPC/mujoco_mpc/build/CMakeFiles/CMakeTmp

Run Build Command(s):/usr/bin/ninja cmTC_41388 && [1/2] Building C object CMakeFiles/cmTC_41388.dir/src.c.o
[2/2] Linking C executable cmTC_41388


Source file was:

		#include <stdio.h>
		#include <stdlib.h>
	
		#include <stdbool.h>
		#include <sys/types.h>
		#include <arpa/inet.h>
		#include <arpa/nameser.h>
		#include <netdb.h>
		#include <net/if.h>
		#include <netinet/in.h>
		#include <netinet/tcp.h>
		#include <signal.h>
		#include <stdlib.h>
		#include <string.h>
		#include <strings.h>
		#include <sys/ioctl.h>
		#include <sys/select.h>
		#include <sys/socket.h>
		#include <sys/time.h>
		#include <sys/uio.h>
		#include <time.h>
		#include <fcntl.h>
		#include <unistd.h>
		int main() {
			long long var_exists;
			(void)var_exists;
			return 0;
		}
	
Performing C SOURCE FILE Test HAVE_SIG_ATOMIC_T succeeded with the following output:
Change Dir: /Humanoid-MPC/mujoco_mpc/build/CMakeFiles/CMakeTmp

Run Build Command(s):/usr/bin/ninja cmTC_cdbab && [1/2] Building C object CMakeFiles/cmTC_cdbab.dir/src.c.o
[2/2] Linking C executable cmTC_cdbab


Source file was:

		#include <stdio.h>
		#include <stdlib.h>
	
		#include <stdbool.h>
		#include <sys/types.h>
		#include <arpa/inet.h>
		#include <arpa/nameser.h>
		#include <netdb.h>
		#include <net/if.h>
		#include <netinet/in.h>
		#include <netinet/tcp.h>
		#include <signal.h>
		#include <stdlib.h>
		#include <string.h>
		#include <strings.h>
		#include <sys/ioctl.h>
		#include <sys/select.h>
		#include <sys/socket.h>
		#include <sys/time.h>
		#include <sys/uio.h>
		#include <time.h>
		#include <fcntl.h>
		#include <unistd.h>
		int main() {
			sig_atomic_t var_exists;
			(void)var_exists;
			return 0;
		}
	
Performing C SOURCE FILE Test HAVE_STRUCT_ADDRINFO succeeded with the following output:
Change Dir: /Humanoid-MPC/mujoco_mpc/build/CMakeFiles/CMakeTmp

Run Build Command(s):/usr/bin/ninja cmTC_bb508 && [1/2] Building C object CMakeFiles/cmTC_bb508.dir/src.c.o
[2/2] Linking C executable cmTC_bb508


Source file was:

		#include <stdio.h>
		#include <stdlib.h>
	
		#include <stdbool.h>
		#include <sys/types.h>
		#include <arpa/inet.h>
		#include <arpa/nameser.h>
		#include <netdb.h>
		#include <net/if.h>
		#include <netinet/in.h>
		#include <netinet/tcp.h>
		#include <signal.h>
		#include <stdlib.h>
		#include <string.h>
		#include <strings.h>
		#include <sys/ioctl.h>
		#include <sys/select.h>
		#include <sys/socket.h>
		#include <sys/time.h>
		#include <sys/uio.h>
		#include <time.h>
		#include <fcntl.h>
		#include <unistd.h>
		int main() {
			struct addrinfo var_exists;
			(void)var_exists;
			return 0;
		}
	
Performing C SOURCE FILE Test HAVE_STRUCT_IN6_ADDR succeeded with the following output:
Change Dir: /Humanoid-MPC/mujoco_mpc/build/CMakeFiles/CMakeTmp

Run Build Command(s):/usr/bin/ninja cmTC_16976 && [1/2] Building C object CMakeFiles/cmTC_16976.dir/src.c.o
[2/2] Linking C executable cmTC_16976


Source file was:

		#include <stdio.h>
		#include <stdlib.h>
	
		#include <stdbool.h>
		#include <sys/types.h>
		#include <arpa/inet.h>
		#include <arpa/nameser.h>
		#include <netdb.h>
		#include <net/if.h>
		#include <netinet/in.h>
		#include <netinet/tcp.h>
		#include <signal.h>
		#include <stdlib.h>
		#include <string.h>
		#include <strings.h>
		#include <sys/ioctl.h>
		#include <sys/select.h>
		#include <sys/socket.h>
		#include <sys/time.h>
		#include <sys/uio.h>
		#include <time.h>
		#include <fcntl.h>
		#include <unistd.h>
		int main() {
			struct in6_addr var_exists;
			(void)var_exists;
			return 0;
		}
	
Performing C SOURCE FILE Test HAVE_STRUCT_SOCKADDR_IN6 succeeded with the following output:
Change Dir: /Humanoid-MPC/mujoco_mpc/build/CMakeFiles/CMakeTmp

Run Build Command(s):/usr/bin/ninja cmTC_3a611 && [1/2] Building C object CMakeFiles/cmTC_3a611.dir/src.c.o
[2/2] Linking C executable cmTC_3a611


Source file was:

		#include <stdio.h>
		#include <stdlib.h>
	
		#include <stdbool.h>
		#include <sys/types.h>
		#include <arpa/inet.h>
		#include <arpa/nameser.h>
		#include <netdb.h>
		#include <net/if.h>
		#include <netinet/in.h>
		#include <netinet/tcp.h>
		#include <signal.h>
		#include <stdlib.h>
		#include <string.h>
		#include <strings.h>
		#include <sys/ioctl.h>
		#include <sys/select.h>
		#include <sys/socket.h>
		#include <sys/time.h>
		#include <sys/uio.h>
		#include <time.h>
		#include <fcntl.h>
		#include <unistd.h>
		int main() {
			struct sockaddr_in6 var_exists;
			(void)var_exists;
			return 0;
		}
	
Performing C SOURCE FILE Test HAVE_STRUCT_SOCKADDR_STORAGE succeeded with the following output:
Change Dir: /Humanoid-MPC/mujoco_mpc/build/CMakeFiles/CMakeTmp

Run Build Command(s):/usr/bin/ninja cmTC_afd0b && [1/2] Building C object CMakeFiles/cmTC_afd0b.dir/src.c.o
[2/2] Linking C executable cmTC_afd0b


Source file was:

		#include <stdio.h>
		#include <stdlib.h>
	
		#include <stdbool.h>
		#include <sys/types.h>
		#include <arpa/inet.h>
		#include <arpa/nameser.h>
		#include <netdb.h>
		#include <net/if.h>
		#include <netinet/in.h>
		#include <netinet/tcp.h>
		#include <signal.h>
		#include <stdlib.h>
		#include <string.h>
		#include <strings.h>
		#include <sys/ioctl.h>
		#include <sys/select.h>
		#include <sys/socket.h>
		#include <sys/time.h>
		#include <sys/uio.h>
		#include <time.h>
		#include <fcntl.h>
		#include <unistd.h>
		int main() {
			struct sockaddr_storage var_exists;
			(void)var_exists;
			return 0;
		}
	
Performing C SOURCE FILE Test HAVE_STRUCT_TIMEVAL succeeded with the following output:
Change Dir: /Humanoid-MPC/mujoco_mpc/build/CMakeFiles/CMakeTmp

Run Build Command(s):/usr/bin/ninja cmTC_3dfd3 && [1/2] Building C object CMakeFiles/cmTC_3dfd3.dir/src.c.o
[2/2] Linking C executable cmTC_3dfd3


Source file was:

		#include <stdio.h>
		#include <stdlib.h>
	
		#include <stdbool.h>
		#include <sys/types.h>
		#include <arpa/inet.h>
		#include <arpa/nameser.h>
		#include <netdb.h>
		#include <net/if.h>
		#include <netinet/in.h>
		#include <netinet/tcp.h>
		#include <signal.h>
		#include <stdlib.h>
		#include <string.h>
		#include <strings.h>
		#include <sys/ioctl.h>
		#include <sys/select.h>
		#include <sys/socket.h>
		#include <sys/time.h>
		#include <sys/uio.h>
		#include <time.h>
		#include <fcntl.h>
		#include <unistd.h>
		int main() {
			struct timeval var_exists;
			(void)var_exists;
			return 0;
		}
	
Determining if the AF_INET6 exist passed with the following output:
Change Dir: /Humanoid-MPC/mujoco_mpc/build/CMakeFiles/CMakeTmp

Run Build Command(s):/usr/bin/ninja cmTC_a8e89 && [1/2] Building C object CMakeFiles/cmTC_a8e89.dir/CheckSymbolExists.c.o
[2/2] Linking C executable cmTC_a8e89


File /Humanoid-MPC/mujoco_mpc/build/CMakeFiles/CMakeTmp/CheckSymbolExists.c:
/* */
#include <stdbool.h>
#include <sys/types.h>
#include <arpa/inet.h>
#include <arpa/nameser.h>
#include <netdb.h>
#include <net/if.h>
#include <netinet/in.h>
#include <netinet/tcp.h>
#include <signal.h>
#include <stdlib.h>
#include <string.h>
#include <strings.h>
#include <sys/ioctl.h>
#include <sys/select.h>
#include <sys/socket.h>
#include <sys/time.h>
#include <sys/uio.h>
#include <time.h>
#include <fcntl.h>
#include <unistd.h>

int main(int argc, char** argv)
{
  (void)argv;
#ifndef AF_INET6
  return ((int*)(&AF_INET6))[argc];
#else
  (void)argc;
  return 0;
#endif
}
Determining if the O_NONBLOCK exist passed with the following output:
Change Dir: /Humanoid-MPC/mujoco_mpc/build/CMakeFiles/CMakeTmp

Run Build Command(s):/usr/bin/ninja cmTC_4c67f && [1/2] Building C object CMakeFiles/cmTC_4c67f.dir/CheckSymbolExists.c.o
[2/2] Linking C executable cmTC_4c67f


File /Humanoid-MPC/mujoco_mpc/build/CMakeFiles/CMakeTmp/CheckSymbolExists.c:
/* */
#include <stdbool.h>
#include <sys/types.h>
#include <arpa/inet.h>
#include <arpa/nameser.h>
#include <netdb.h>
#include <net/if.h>
#include <netinet/in.h>
#include <netinet/tcp.h>
#include <signal.h>
#include <stdlib.h>
#include <string.h>
#include <strings.h>
#include <sys/ioctl.h>
#include <sys/select.h>
#include <sys/socket.h>
#include <sys/time.h>
#include <sys/uio.h>
#include <time.h>
#include <fcntl.h>
#include <unistd.h>

int main(int argc, char** argv)
{
  (void)argv;
#ifndef O_NONBLOCK
  return ((int*)(&O_NONBLOCK))[argc];
#else
  (void)argc;
  return 0;
#endif
}
Determining if the FIONBIO exist passed with the following output:
Change Dir: /Humanoid-MPC/mujoco_mpc/build/CMakeFiles/CMakeTmp

Run Build Command(s):/usr/bin/ninja cmTC_b61f9 && [1/2] Building C object CMakeFiles/cmTC_b61f9.dir/CheckSymbolExists.c.o
[2/2] Linking C executable cmTC_b61f9


File /Humanoid-MPC/mujoco_mpc/build/CMakeFiles/CMakeTmp/CheckSymbolExists.c:
/* */
#include <stdbool.h>
#include <sys/types.h>
#include <arpa/inet.h>
#include <arpa/nameser.h>
#include <netdb.h>
#include <net/if.h>
#include <netinet/in.h>
#include <netinet/tcp.h>
#include <signal.h>
#include <stdlib.h>
#include <string.h>
#include <strings.h>
#include <sys/ioctl.h>
#include <sys/select.h>
#include <sys/socket.h>
#include <sys/time.h>
#include <sys/uio.h>
#include <time.h>
#include <fcntl.h>
#include <unistd.h>

int main(int argc, char** argv)
{
  (void)argv;
#ifndef FIONBIO
  return ((int*)(&FIONBIO))[argc];
#else
  (void)argc;
  return 0;
#endif
}
Determining if the SIOCGIFADDR exist passed with the following output:
Change Dir: /Humanoid-MPC/mujoco_mpc/build/CMakeFiles/CMakeTmp

Run Build Command(s):/usr/bin/ninja cmTC_76536 && [1/2] Building C object CMakeFiles/cmTC_76536.dir/CheckSymbolExists.c.o
[2/2] Linking C executable cmTC_76536


File /Humanoid-MPC/mujoco_mpc/build/CMakeFiles/CMakeTmp/CheckSymbolExists.c:
/* */
#include <stdbool.h>
#include <sys/types.h>
#include <arpa/inet.h>
#include <arpa/nameser.h>
#include <netdb.h>
#include <net/if.h>
#include <netinet/in.h>
#include <netinet/tcp.h>
#include <signal.h>
#include <stdlib.h>
#include <string.h>
#include <strings.h>
#include <sys/ioctl.h>
#include <sys/select.h>
#include <sys/socket.h>
#include <sys/time.h>
#include <sys/uio.h>
#include <time.h>
#include <fcntl.h>
#include <unistd.h>

int main(int argc, char** argv)
{
  (void)argv;
#ifndef SIOCGIFADDR
  return ((int*)(&SIOCGIFADDR))[argc];
#else
  (void)argc;
  return 0;
#endif
}
Determining if the MSG_NOSIGNAL exist passed with the following output:
Change Dir: /Humanoid-MPC/mujoco_mpc/build/CMakeFiles/CMakeTmp

Run Build Command(s):/usr/bin/ninja cmTC_bd511 && [1/2] Building C object CMakeFiles/cmTC_bd511.dir/CheckSymbolExists.c.o
[2/2] Linking C executable cmTC_bd511


File /Humanoid-MPC/mujoco_mpc/build/CMakeFiles/CMakeTmp/CheckSymbolExists.c:
/* */
#include <stdbool.h>
#include <sys/types.h>
#include <arpa/inet.h>
#include <arpa/nameser.h>
#include <netdb.h>
#include <net/if.h>
#include <netinet/in.h>
#include <netinet/tcp.h>
#include <signal.h>
#include <stdlib.h>
#include <string.h>
#include <strings.h>
#include <sys/ioctl.h>
#include <sys/select.h>
#include <sys/socket.h>
#include <sys/time.h>
#include <sys/uio.h>
#include <time.h>
#include <fcntl.h>
#include <unistd.h>

int main(int argc, char** argv)
{
  (void)argv;
#ifndef MSG_NOSIGNAL
  return ((int*)(&MSG_NOSIGNAL))[argc];
#else
  (void)argc;
  return 0;
#endif
}
Determining if the PF_INET6 exist passed with the following output:
Change Dir: /Humanoid-MPC/mujoco_mpc/build/CMakeFiles/CMakeTmp

Run Build Command(s):/usr/bin/ninja cmTC_3b535 && [1/2] Building C object CMakeFiles/cmTC_3b535.dir/CheckSymbolExists.c.o
[2/2] Linking C executable cmTC_3b535


File /Humanoid-MPC/mujoco_mpc/build/CMakeFiles/CMakeTmp/CheckSymbolExists.c:
/* */
#include <stdbool.h>
#include <sys/types.h>
#include <arpa/inet.h>
#include <arpa/nameser.h>
#include <netdb.h>
#include <net/if.h>
#include <netinet/in.h>
#include <netinet/tcp.h>
#include <signal.h>
#include <stdlib.h>
#include <string.h>
#include <strings.h>
#include <sys/ioctl.h>
#include <sys/select.h>
#include <sys/socket.h>
#include <sys/time.h>
#include <sys/uio.h>
#include <time.h>
#include <fcntl.h>
#include <unistd.h>

int main(int argc, char** argv)
{
  (void)argv;
#ifndef PF_INET6
  return ((int*)(&PF_INET6))[argc];
#else
  (void)argc;
  return 0;
#endif
}
Determining if the CLOCK_MONOTONIC exist passed with the following output:
Change Dir: /Humanoid-MPC/mujoco_mpc/build/CMakeFiles/CMakeTmp

Run Build Command(s):/usr/bin/ninja cmTC_46186 && [1/2] Building C object CMakeFiles/cmTC_46186.dir/CheckSymbolExists.c.o
[2/2] Linking C executable cmTC_46186


File /Humanoid-MPC/mujoco_mpc/build/CMakeFiles/CMakeTmp/CheckSymbolExists.c:
/* */
#include <stdbool.h>
#include <sys/types.h>
#include <arpa/inet.h>
#include <arpa/nameser.h>
#include <netdb.h>
#include <net/if.h>
#include <netinet/in.h>
#include <netinet/tcp.h>
#include <signal.h>
#include <stdlib.h>
#include <string.h>
#include <strings.h>
#include <sys/ioctl.h>
#include <sys/select.h>
#include <sys/socket.h>
#include <sys/time.h>
#include <sys/uio.h>
#include <time.h>
#include <fcntl.h>
#include <unistd.h>

int main(int argc, char** argv)
{
  (void)argv;
#ifndef CLOCK_MONOTONIC
  return ((int*)(&CLOCK_MONOTONIC))[argc];
#else
  (void)argc;
  return 0;
#endif
}
Performing C SOURCE FILE Test HAVE_SOCKADDR_IN6_SIN6_SCOPE_ID succeeded with the following output:
Change Dir: /Humanoid-MPC/mujoco_mpc/build/CMakeFiles/CMakeTmp

Run Build Command(s):/usr/bin/ninja cmTC_34c72 && [1/2] Building C object CMakeFiles/cmTC_34c72.dir/src.c.o
[2/2] Linking C executable cmTC_34c72


Source file was:

#include <stdbool.h>
#include <sys/types.h>
#include <arpa/inet.h>
#include <arpa/nameser.h>
#include <netdb.h>
#include <net/if.h>
#include <netinet/in.h>
#include <netinet/tcp.h>
#include <signal.h>
#include <stdlib.h>
#include <string.h>
#include <strings.h>
#include <sys/ioctl.h>
#include <sys/select.h>
#include <sys/socket.h>
#include <sys/time.h>
#include <sys/uio.h>
#include <time.h>
#include <fcntl.h>
#include <unistd.h>

int main()
{
  (void)sizeof(((struct sockaddr_in6 *)0)->sin6_scope_id);
  return 0;
}

Performing C SOURCE FILE Test HAVE_LL succeeded with the following output:
Change Dir: /Humanoid-MPC/mujoco_mpc/build/CMakeFiles/CMakeTmp

Run Build Command(s):/usr/bin/ninja cmTC_7a4e0 && [1/2] Building C object CMakeFiles/cmTC_7a4e0.dir/src.c.o
[2/2] Linking C executable cmTC_7a4e0


Source file was:
int main() { int n=1234LL; return 0; }
Determining if the connect exist passed with the following output:
Change Dir: /Humanoid-MPC/mujoco_mpc/build/CMakeFiles/CMakeTmp

Run Build Command(s):/usr/bin/ninja cmTC_54746 && [1/2] Building C object CMakeFiles/cmTC_54746.dir/CheckSymbolExists.c.o
[2/2] Linking C executable cmTC_54746


File /Humanoid-MPC/mujoco_mpc/build/CMakeFiles/CMakeTmp/CheckSymbolExists.c:
/* */
#include <stdbool.h>
#include <sys/types.h>
#include <arpa/inet.h>
#include <arpa/nameser.h>
#include <netdb.h>
#include <net/if.h>
#include <netinet/in.h>
#include <netinet/tcp.h>
#include <signal.h>
#include <stdlib.h>
#include <string.h>
#include <strings.h>
#include <sys/ioctl.h>
#include <sys/select.h>
#include <sys/socket.h>
#include <sys/time.h>
#include <sys/uio.h>
#include <time.h>
#include <fcntl.h>
#include <unistd.h>

int main(int argc, char** argv)
{
  (void)argv;
#ifndef connect
  return ((int*)(&connect))[argc];
#else
  (void)argc;
  return 0;
#endif
}
Determining if the fcntl exist passed with the following output:
Change Dir: /Humanoid-MPC/mujoco_mpc/build/CMakeFiles/CMakeTmp

Run Build Command(s):/usr/bin/ninja cmTC_d407e && [1/2] Building C object CMakeFiles/cmTC_d407e.dir/CheckSymbolExists.c.o
[2/2] Linking C executable cmTC_d407e


File /Humanoid-MPC/mujoco_mpc/build/CMakeFiles/CMakeTmp/CheckSymbolExists.c:
/* */
#include <stdbool.h>
#include <sys/types.h>
#include <arpa/inet.h>
#include <arpa/nameser.h>
#include <netdb.h>
#include <net/if.h>
#include <netinet/in.h>
#include <netinet/tcp.h>
#include <signal.h>
#include <stdlib.h>
#include <string.h>
#include <strings.h>
#include <sys/ioctl.h>
#include <sys/select.h>
#include <sys/socket.h>
#include <sys/time.h>
#include <sys/uio.h>
#include <time.h>
#include <fcntl.h>
#include <unistd.h>

int main(int argc, char** argv)
{
  (void)argv;
#ifndef fcntl
  return ((int*)(&fcntl))[argc];
#else
  (void)argc;
  return 0;
#endif
}
Determining if the freeaddrinfo exist passed with the following output:
Change Dir: /Humanoid-MPC/mujoco_mpc/build/CMakeFiles/CMakeTmp

Run Build Command(s):/usr/bin/ninja cmTC_72e60 && [1/2] Building C object CMakeFiles/cmTC_72e60.dir/CheckSymbolExists.c.o
[2/2] Linking C executable cmTC_72e60


File /Humanoid-MPC/mujoco_mpc/build/CMakeFiles/CMakeTmp/CheckSymbolExists.c:
/* */
#include <stdbool.h>
#include <sys/types.h>
#include <arpa/inet.h>
#include <arpa/nameser.h>
#include <netdb.h>
#include <net/if.h>
#include <netinet/in.h>
#include <netinet/tcp.h>
#include <signal.h>
#include <stdlib.h>
#include <string.h>
#include <strings.h>
#include <sys/ioctl.h>
#include <sys/select.h>
#include <sys/socket.h>
#include <sys/time.h>
#include <sys/uio.h>
#include <time.h>
#include <fcntl.h>
#include <unistd.h>

int main(int argc, char** argv)
{
  (void)argv;
#ifndef freeaddrinfo
  return ((int*)(&freeaddrinfo))[argc];
#else
  (void)argc;
  return 0;
#endif
}
Determining if the getaddrinfo exist passed with the following output:
Change Dir: /Humanoid-MPC/mujoco_mpc/build/CMakeFiles/CMakeTmp

Run Build Command(s):/usr/bin/ninja cmTC_4648b && [1/2] Building C object CMakeFiles/cmTC_4648b.dir/CheckSymbolExists.c.o
[2/2] Linking C executable cmTC_4648b


File /Humanoid-MPC/mujoco_mpc/build/CMakeFiles/CMakeTmp/CheckSymbolExists.c:
/* */
#include <stdbool.h>
#include <sys/types.h>
#include <arpa/inet.h>
#include <arpa/nameser.h>
#include <netdb.h>
#include <net/if.h>
#include <netinet/in.h>
#include <netinet/tcp.h>
#include <signal.h>
#include <stdlib.h>
#include <string.h>
#include <strings.h>
#include <sys/ioctl.h>
#include <sys/select.h>
#include <sys/socket.h>
#include <sys/time.h>
#include <sys/uio.h>
#include <time.h>
#include <fcntl.h>
#include <unistd.h>

int main(int argc, char** argv)
{
  (void)argv;
#ifndef getaddrinfo
  return ((int*)(&getaddrinfo))[argc];
#else
  (void)argc;
  return 0;
#endif
}
Determining if the getenv exist passed with the following output:
Change Dir: /Humanoid-MPC/mujoco_mpc/build/CMakeFiles/CMakeTmp

Run Build Command(s):/usr/bin/ninja cmTC_eedab && [1/2] Building C object CMakeFiles/cmTC_eedab.dir/CheckSymbolExists.c.o
[2/2] Linking C executable cmTC_eedab


File /Humanoid-MPC/mujoco_mpc/build/CMakeFiles/CMakeTmp/CheckSymbolExists.c:
/* */
#include <stdbool.h>
#include <sys/types.h>
#include <arpa/inet.h>
#include <arpa/nameser.h>
#include <netdb.h>
#include <net/if.h>
#include <netinet/in.h>
#include <netinet/tcp.h>
#include <signal.h>
#include <stdlib.h>
#include <string.h>
#include <strings.h>
#include <sys/ioctl.h>
#include <sys/select.h>
#include <sys/socket.h>
#include <sys/time.h>
#include <sys/uio.h>
#include <time.h>
#include <fcntl.h>
#include <unistd.h>

int main(int argc, char** argv)
{
  (void)argv;
#ifndef getenv
  return ((int*)(&getenv))[argc];
#else
  (void)argc;
  return 0;
#endif
}
Determining if the gethostbyaddr exist passed with the following output:
Change Dir: /Humanoid-MPC/mujoco_mpc/build/CMakeFiles/CMakeTmp

Run Build Command(s):/usr/bin/ninja cmTC_c900b && [1/2] Building C object CMakeFiles/cmTC_c900b.dir/CheckSymbolExists.c.o
[2/2] Linking C executable cmTC_c900b


File /Humanoid-MPC/mujoco_mpc/build/CMakeFiles/CMakeTmp/CheckSymbolExists.c:
/* */
#include <stdbool.h>
#include <sys/types.h>
#include <arpa/inet.h>
#include <arpa/nameser.h>
#include <netdb.h>
#include <net/if.h>
#include <netinet/in.h>
#include <netinet/tcp.h>
#include <signal.h>
#include <stdlib.h>
#include <string.h>
#include <strings.h>
#include <sys/ioctl.h>
#include <sys/select.h>
#include <sys/socket.h>
#include <sys/time.h>
#include <sys/uio.h>
#include <time.h>
#include <fcntl.h>
#include <unistd.h>

int main(int argc, char** argv)
{
  (void)argv;
#ifndef gethostbyaddr
  return ((int*)(&gethostbyaddr))[argc];
#else
  (void)argc;
  return 0;
#endif
}
Determining if the gethostbyname exist passed with the following output:
Change Dir: /Humanoid-MPC/mujoco_mpc/build/CMakeFiles/CMakeTmp

Run Build Command(s):/usr/bin/ninja cmTC_9bd55 && [1/2] Building C object CMakeFiles/cmTC_9bd55.dir/CheckSymbolExists.c.o
[2/2] Linking C executable cmTC_9bd55


File /Humanoid-MPC/mujoco_mpc/build/CMakeFiles/CMakeTmp/CheckSymbolExists.c:
/* */
#include <stdbool.h>
#include <sys/types.h>
#include <arpa/inet.h>
#include <arpa/nameser.h>
#include <netdb.h>
#include <net/if.h>
#include <netinet/in.h>
#include <netinet/tcp.h>
#include <signal.h>
#include <stdlib.h>
#include <string.h>
#include <strings.h>
#include <sys/ioctl.h>
#include <sys/select.h>
#include <sys/socket.h>
#include <sys/time.h>
#include <sys/uio.h>
#include <time.h>
#include <fcntl.h>
#include <unistd.h>

int main(int argc, char** argv)
{
  (void)argv;
#ifndef gethostbyname
  return ((int*)(&gethostbyname))[argc];
#else
  (void)argc;
  return 0;
#endif
}
Determining if the gethostname exist passed with the following output:
Change Dir: /Humanoid-MPC/mujoco_mpc/build/CMakeFiles/CMakeTmp

Run Build Command(s):/usr/bin/ninja cmTC_96fcb && [1/2] Building C object CMakeFiles/cmTC_96fcb.dir/CheckSymbolExists.c.o
[2/2] Linking C executable cmTC_96fcb


File /Humanoid-MPC/mujoco_mpc/build/CMakeFiles/CMakeTmp/CheckSymbolExists.c:
/* */
#include <stdbool.h>
#include <sys/types.h>
#include <arpa/inet.h>
#include <arpa/nameser.h>
#include <netdb.h>
#include <net/if.h>
#include <netinet/in.h>
#include <netinet/tcp.h>
#include <signal.h>
#include <stdlib.h>
#include <string.h>
#include <strings.h>
#include <sys/ioctl.h>
#include <sys/select.h>
#include <sys/socket.h>
#include <sys/time.h>
#include <sys/uio.h>
#include <time.h>
#include <fcntl.h>
#include <unistd.h>

int main(int argc, char** argv)
{
  (void)argv;
#ifndef gethostname
  return ((int*)(&gethostname))[argc];
#else
  (void)argc;
  return 0;
#endif
}
Determining if the getnameinfo exist passed with the following output:
Change Dir: /Humanoid-MPC/mujoco_mpc/build/CMakeFiles/CMakeTmp

Run Build Command(s):/usr/bin/ninja cmTC_4a64a && [1/2] Building C object CMakeFiles/cmTC_4a64a.dir/CheckSymbolExists.c.o
[2/2] Linking C executable cmTC_4a64a


File /Humanoid-MPC/mujoco_mpc/build/CMakeFiles/CMakeTmp/CheckSymbolExists.c:
/* */
#include <stdbool.h>
#include <sys/types.h>
#include <arpa/inet.h>
#include <arpa/nameser.h>
#include <netdb.h>
#include <net/if.h>
#include <netinet/in.h>
#include <netinet/tcp.h>
#include <signal.h>
#include <stdlib.h>
#include <string.h>
#include <strings.h>
#include <sys/ioctl.h>
#include <sys/select.h>
#include <sys/socket.h>
#include <sys/time.h>
#include <sys/uio.h>
#include <time.h>
#include <fcntl.h>
#include <unistd.h>

int main(int argc, char** argv)
{
  (void)argv;
#ifndef getnameinfo
  return ((int*)(&getnameinfo))[argc];
#else
  (void)argc;
  return 0;
#endif
}
Determining if the getservbyport_r exist passed with the following output:
Change Dir: /Humanoid-MPC/mujoco_mpc/build/CMakeFiles/CMakeTmp

Run Build Command(s):/usr/bin/ninja cmTC_31575 && [1/2] Building C object CMakeFiles/cmTC_31575.dir/CheckSymbolExists.c.o
[2/2] Linking C executable cmTC_31575


File /Humanoid-MPC/mujoco_mpc/build/CMakeFiles/CMakeTmp/CheckSymbolExists.c:
/* */
#include <stdbool.h>
#include <sys/types.h>
#include <arpa/inet.h>
#include <arpa/nameser.h>
#include <netdb.h>
#include <net/if.h>
#include <netinet/in.h>
#include <netinet/tcp.h>
#include <signal.h>
#include <stdlib.h>
#include <string.h>
#include <strings.h>
#include <sys/ioctl.h>
#include <sys/select.h>
#include <sys/socket.h>
#include <sys/time.h>
#include <sys/uio.h>
#include <time.h>
#include <fcntl.h>
#include <unistd.h>

int main(int argc, char** argv)
{
  (void)argv;
#ifndef getservbyport_r
  return ((int*)(&getservbyport_r))[argc];
#else
  (void)argc;
  return 0;
#endif
}
Determining if the getservbyname_r exist passed with the following output:
Change Dir: /Humanoid-MPC/mujoco_mpc/build/CMakeFiles/CMakeTmp

Run Build Command(s):/usr/bin/ninja cmTC_0e51b && [1/2] Building C object CMakeFiles/cmTC_0e51b.dir/CheckSymbolExists.c.o
[2/2] Linking C executable cmTC_0e51b


File /Humanoid-MPC/mujoco_mpc/build/CMakeFiles/CMakeTmp/CheckSymbolExists.c:
/* */
#include <stdbool.h>
#include <sys/types.h>
#include <arpa/inet.h>
#include <arpa/nameser.h>
#include <netdb.h>
#include <net/if.h>
#include <netinet/in.h>
#include <netinet/tcp.h>
#include <signal.h>
#include <stdlib.h>
#include <string.h>
#include <strings.h>
#include <sys/ioctl.h>
#include <sys/select.h>
#include <sys/socket.h>
#include <sys/time.h>
#include <sys/uio.h>
#include <time.h>
#include <fcntl.h>
#include <unistd.h>

int main(int argc, char** argv)
{
  (void)argv;
#ifndef getservbyname_r
  return ((int*)(&getservbyname_r))[argc];
#else
  (void)argc;
  return 0;
#endif
}
Determining if the gettimeofday exist passed with the following output:
Change Dir: /Humanoid-MPC/mujoco_mpc/build/CMakeFiles/CMakeTmp

Run Build Command(s):/usr/bin/ninja cmTC_2463d && [1/2] Building C object CMakeFiles/cmTC_2463d.dir/CheckSymbolExists.c.o
[2/2] Linking C executable cmTC_2463d


File /Humanoid-MPC/mujoco_mpc/build/CMakeFiles/CMakeTmp/CheckSymbolExists.c:
/* */
#include <stdbool.h>
#include <sys/types.h>
#include <arpa/inet.h>
#include <arpa/nameser.h>
#include <netdb.h>
#include <net/if.h>
#include <netinet/in.h>
#include <netinet/tcp.h>
#include <signal.h>
#include <stdlib.h>
#include <string.h>
#include <strings.h>
#include <sys/ioctl.h>
#include <sys/select.h>
#include <sys/socket.h>
#include <sys/time.h>
#include <sys/uio.h>
#include <time.h>
#include <fcntl.h>
#include <unistd.h>

int main(int argc, char** argv)
{
  (void)argv;
#ifndef gettimeofday
  return ((int*)(&gettimeofday))[argc];
#else
  (void)argc;
  return 0;
#endif
}
Determining if the if_indextoname exist passed with the following output:
Change Dir: /Humanoid-MPC/mujoco_mpc/build/CMakeFiles/CMakeTmp

Run Build Command(s):/usr/bin/ninja cmTC_e0ab1 && [1/2] Building C object CMakeFiles/cmTC_e0ab1.dir/CheckSymbolExists.c.o
[2/2] Linking C executable cmTC_e0ab1


File /Humanoid-MPC/mujoco_mpc/build/CMakeFiles/CMakeTmp/CheckSymbolExists.c:
/* */
#include <stdbool.h>
#include <sys/types.h>
#include <arpa/inet.h>
#include <arpa/nameser.h>
#include <netdb.h>
#include <net/if.h>
#include <netinet/in.h>
#include <netinet/tcp.h>
#include <signal.h>
#include <stdlib.h>
#include <string.h>
#include <strings.h>
#include <sys/ioctl.h>
#include <sys/select.h>
#include <sys/socket.h>
#include <sys/time.h>
#include <sys/uio.h>
#include <time.h>
#include <fcntl.h>
#include <unistd.h>

int main(int argc, char** argv)
{
  (void)argv;
#ifndef if_indextoname
  return ((int*)(&if_indextoname))[argc];
#else
  (void)argc;
  return 0;
#endif
}
Determining if the inet_ntop exist passed with the following output:
Change Dir: /Humanoid-MPC/mujoco_mpc/build/CMakeFiles/CMakeTmp

Run Build Command(s):/usr/bin/ninja cmTC_519c3 && [1/2] Building C object CMakeFiles/cmTC_519c3.dir/CheckSymbolExists.c.o
[2/2] Linking C executable cmTC_519c3


File /Humanoid-MPC/mujoco_mpc/build/CMakeFiles/CMakeTmp/CheckSymbolExists.c:
/* */
#include <stdbool.h>
#include <sys/types.h>
#include <arpa/inet.h>
#include <arpa/nameser.h>
#include <netdb.h>
#include <net/if.h>
#include <netinet/in.h>
#include <netinet/tcp.h>
#include <signal.h>
#include <stdlib.h>
#include <string.h>
#include <strings.h>
#include <sys/ioctl.h>
#include <sys/select.h>
#include <sys/socket.h>
#include <sys/time.h>
#include <sys/uio.h>
#include <time.h>
#include <fcntl.h>
#include <unistd.h>

int main(int argc, char** argv)
{
  (void)argv;
#ifndef inet_ntop
  return ((int*)(&inet_ntop))[argc];
#else
  (void)argc;
  return 0;
#endif
}
Determining if the inet_pton exist passed with the following output:
Change Dir: /Humanoid-MPC/mujoco_mpc/build/CMakeFiles/CMakeTmp

Run Build Command(s):/usr/bin/ninja cmTC_3e6a9 && [1/2] Building C object CMakeFiles/cmTC_3e6a9.dir/CheckSymbolExists.c.o
[2/2] Linking C executable cmTC_3e6a9


File /Humanoid-MPC/mujoco_mpc/build/CMakeFiles/CMakeTmp/CheckSymbolExists.c:
/* */
#include <stdbool.h>
#include <sys/types.h>
#include <arpa/inet.h>
#include <arpa/nameser.h>
#include <netdb.h>
#include <net/if.h>
#include <netinet/in.h>
#include <netinet/tcp.h>
#include <signal.h>
#include <stdlib.h>
#include <string.h>
#include <strings.h>
#include <sys/ioctl.h>
#include <sys/select.h>
#include <sys/socket.h>
#include <sys/time.h>
#include <sys/uio.h>
#include <time.h>
#include <fcntl.h>
#include <unistd.h>

int main(int argc, char** argv)
{
  (void)argv;
#ifndef inet_pton
  return ((int*)(&inet_pton))[argc];
#else
  (void)argc;
  return 0;
#endif
}
Determining if the ioctl exist passed with the following output:
Change Dir: /Humanoid-MPC/mujoco_mpc/build/CMakeFiles/CMakeTmp

Run Build Command(s):/usr/bin/ninja cmTC_fddd3 && [1/2] Building C object CMakeFiles/cmTC_fddd3.dir/CheckSymbolExists.c.o
[2/2] Linking C executable cmTC_fddd3


File /Humanoid-MPC/mujoco_mpc/build/CMakeFiles/CMakeTmp/CheckSymbolExists.c:
/* */
#include <stdbool.h>
#include <sys/types.h>
#include <arpa/inet.h>
#include <arpa/nameser.h>
#include <netdb.h>
#include <net/if.h>
#include <netinet/in.h>
#include <netinet/tcp.h>
#include <signal.h>
#include <stdlib.h>
#include <string.h>
#include <strings.h>
#include <sys/ioctl.h>
#include <sys/select.h>
#include <sys/socket.h>
#include <sys/time.h>
#include <sys/uio.h>
#include <time.h>
#include <fcntl.h>
#include <unistd.h>

int main(int argc, char** argv)
{
  (void)argv;
#ifndef ioctl
  return ((int*)(&ioctl))[argc];
#else
  (void)argc;
  return 0;
#endif
}
Determining if the recv exist passed with the following output:
Change Dir: /Humanoid-MPC/mujoco_mpc/build/CMakeFiles/CMakeTmp

Run Build Command(s):/usr/bin/ninja cmTC_300d6 && [1/2] Building C object CMakeFiles/cmTC_300d6.dir/CheckSymbolExists.c.o
[2/2] Linking C executable cmTC_300d6


File /Humanoid-MPC/mujoco_mpc/build/CMakeFiles/CMakeTmp/CheckSymbolExists.c:
/* */
#include <stdbool.h>
#include <sys/types.h>
#include <arpa/inet.h>
#include <arpa/nameser.h>
#include <netdb.h>
#include <net/if.h>
#include <netinet/in.h>
#include <netinet/tcp.h>
#include <signal.h>
#include <stdlib.h>
#include <string.h>
#include <strings.h>
#include <sys/ioctl.h>
#include <sys/select.h>
#include <sys/socket.h>
#include <sys/time.h>
#include <sys/uio.h>
#include <time.h>
#include <fcntl.h>
#include <unistd.h>

int main(int argc, char** argv)
{
  (void)argv;
#ifndef recv
  return ((int*)(&recv))[argc];
#else
  (void)argc;
  return 0;
#endif
}
Determining if the recvfrom exist passed with the following output:
Change Dir: /Humanoid-MPC/mujoco_mpc/build/CMakeFiles/CMakeTmp

Run Build Command(s):/usr/bin/ninja cmTC_6937b && [1/2] Building C object CMakeFiles/cmTC_6937b.dir/CheckSymbolExists.c.o
[2/2] Linking C executable cmTC_6937b


File /Humanoid-MPC/mujoco_mpc/build/CMakeFiles/CMakeTmp/CheckSymbolExists.c:
/* */
#include <stdbool.h>
#include <sys/types.h>
#include <arpa/inet.h>
#include <arpa/nameser.h>
#include <netdb.h>
#include <net/if.h>
#include <netinet/in.h>
#include <netinet/tcp.h>
#include <signal.h>
#include <stdlib.h>
#include <string.h>
#include <strings.h>
#include <sys/ioctl.h>
#include <sys/select.h>
#include <sys/socket.h>
#include <sys/time.h>
#include <sys/uio.h>
#include <time.h>
#include <fcntl.h>
#include <unistd.h>

int main(int argc, char** argv)
{
  (void)argv;
#ifndef recvfrom
  return ((int*)(&recvfrom))[argc];
#else
  (void)argc;
  return 0;
#endif
}
Determining if the send exist passed with the following output:
Change Dir: /Humanoid-MPC/mujoco_mpc/build/CMakeFiles/CMakeTmp

Run Build Command(s):/usr/bin/ninja cmTC_0ca01 && [1/2] Building C object CMakeFiles/cmTC_0ca01.dir/CheckSymbolExists.c.o
[2/2] Linking C executable cmTC_0ca01


File /Humanoid-MPC/mujoco_mpc/build/CMakeFiles/CMakeTmp/CheckSymbolExists.c:
/* */
#include <stdbool.h>
#include <sys/types.h>
#include <arpa/inet.h>
#include <arpa/nameser.h>
#include <netdb.h>
#include <net/if.h>
#include <netinet/in.h>
#include <netinet/tcp.h>
#include <signal.h>
#include <stdlib.h>
#include <string.h>
#include <strings.h>
#include <sys/ioctl.h>
#include <sys/select.h>
#include <sys/socket.h>
#include <sys/time.h>
#include <sys/uio.h>
#include <time.h>
#include <fcntl.h>
#include <unistd.h>

int main(int argc, char** argv)
{
  (void)argv;
#ifndef send
  return ((int*)(&send))[argc];
#else
  (void)argc;
  return 0;
#endif
}
Determining if the setsockopt exist passed with the following output:
Change Dir: /Humanoid-MPC/mujoco_mpc/build/CMakeFiles/CMakeTmp

Run Build Command(s):/usr/bin/ninja cmTC_8f40f && [1/2] Building C object CMakeFiles/cmTC_8f40f.dir/CheckSymbolExists.c.o
[2/2] Linking C executable cmTC_8f40f


File /Humanoid-MPC/mujoco_mpc/build/CMakeFiles/CMakeTmp/CheckSymbolExists.c:
/* */
#include <stdbool.h>
#include <sys/types.h>
#include <arpa/inet.h>
#include <arpa/nameser.h>
#include <netdb.h>
#include <net/if.h>
#include <netinet/in.h>
#include <netinet/tcp.h>
#include <signal.h>
#include <stdlib.h>
#include <string.h>
#include <strings.h>
#include <sys/ioctl.h>
#include <sys/select.h>
#include <sys/socket.h>
#include <sys/time.h>
#include <sys/uio.h>
#include <time.h>
#include <fcntl.h>
#include <unistd.h>

int main(int argc, char** argv)
{
  (void)argv;
#ifndef setsockopt
  return ((int*)(&setsockopt))[argc];
#else
  (void)argc;
  return 0;
#endif
}
Determining if the socket exist passed with the following output:
Change Dir: /Humanoid-MPC/mujoco_mpc/build/CMakeFiles/CMakeTmp

Run Build Command(s):/usr/bin/ninja cmTC_40101 && [1/2] Building C object CMakeFiles/cmTC_40101.dir/CheckSymbolExists.c.o
[2/2] Linking C executable cmTC_40101


File /Humanoid-MPC/mujoco_mpc/build/CMakeFiles/CMakeTmp/CheckSymbolExists.c:
/* */
#include <stdbool.h>
#include <sys/types.h>
#include <arpa/inet.h>
#include <arpa/nameser.h>
#include <netdb.h>
#include <net/if.h>
#include <netinet/in.h>
#include <netinet/tcp.h>
#include <signal.h>
#include <stdlib.h>
#include <string.h>
#include <strings.h>
#include <sys/ioctl.h>
#include <sys/select.h>
#include <sys/socket.h>
#include <sys/time.h>
#include <sys/uio.h>
#include <time.h>
#include <fcntl.h>
#include <unistd.h>

int main(int argc, char** argv)
{
  (void)argv;
#ifndef socket
  return ((int*)(&socket))[argc];
#else
  (void)argc;
  return 0;
#endif
}
Determining if the strcasecmp exist passed with the following output:
Change Dir: /Humanoid-MPC/mujoco_mpc/build/CMakeFiles/CMakeTmp

Run Build Command(s):/usr/bin/ninja cmTC_57e20 && [1/2] Building C object CMakeFiles/cmTC_57e20.dir/CheckSymbolExists.c.o
[2/2] Linking C executable cmTC_57e20


File /Humanoid-MPC/mujoco_mpc/build/CMakeFiles/CMakeTmp/CheckSymbolExists.c:
/* */
#include <stdbool.h>
#include <sys/types.h>
#include <arpa/inet.h>
#include <arpa/nameser.h>
#include <netdb.h>
#include <net/if.h>
#include <netinet/in.h>
#include <netinet/tcp.h>
#include <signal.h>
#include <stdlib.h>
#include <string.h>
#include <strings.h>
#include <sys/ioctl.h>
#include <sys/select.h>
#include <sys/socket.h>
#include <sys/time.h>
#include <sys/uio.h>
#include <time.h>
#include <fcntl.h>
#include <unistd.h>

int main(int argc, char** argv)
{
  (void)argv;
#ifndef strcasecmp
  return ((int*)(&strcasecmp))[argc];
#else
  (void)argc;
  return 0;
#endif
}
Determining if the strdup exist passed with the following output:
Change Dir: /Humanoid-MPC/mujoco_mpc/build/CMakeFiles/CMakeTmp

Run Build Command(s):/usr/bin/ninja cmTC_68451 && [1/2] Building C object CMakeFiles/cmTC_68451.dir/CheckSymbolExists.c.o
[2/2] Linking C executable cmTC_68451


File /Humanoid-MPC/mujoco_mpc/build/CMakeFiles/CMakeTmp/CheckSymbolExists.c:
/* */
#include <stdbool.h>
#include <sys/types.h>
#include <arpa/inet.h>
#include <arpa/nameser.h>
#include <netdb.h>
#include <net/if.h>
#include <netinet/in.h>
#include <netinet/tcp.h>
#include <signal.h>
#include <stdlib.h>
#include <string.h>
#include <strings.h>
#include <sys/ioctl.h>
#include <sys/select.h>
#include <sys/socket.h>
#include <sys/time.h>
#include <sys/uio.h>
#include <time.h>
#include <fcntl.h>
#include <unistd.h>

int main(int argc, char** argv)
{
  (void)argv;
#ifndef strdup
  return ((int*)(&strdup))[argc];
#else
  (void)argc;
  return 0;
#endif
}
Determining if the strncasecmp exist passed with the following output:
Change Dir: /Humanoid-MPC/mujoco_mpc/build/CMakeFiles/CMakeTmp

Run Build Command(s):/usr/bin/ninja cmTC_d0e00 && [1/2] Building C object CMakeFiles/cmTC_d0e00.dir/CheckSymbolExists.c.o
[2/2] Linking C executable cmTC_d0e00


File /Humanoid-MPC/mujoco_mpc/build/CMakeFiles/CMakeTmp/CheckSymbolExists.c:
/* */
#include <stdbool.h>
#include <sys/types.h>
#include <arpa/inet.h>
#include <arpa/nameser.h>
#include <netdb.h>
#include <net/if.h>
#include <netinet/in.h>
#include <netinet/tcp.h>
#include <signal.h>
#include <stdlib.h>
#include <string.h>
#include <strings.h>
#include <sys/ioctl.h>
#include <sys/select.h>
#include <sys/socket.h>
#include <sys/time.h>
#include <sys/uio.h>
#include <time.h>
#include <fcntl.h>
#include <unistd.h>

int main(int argc, char** argv)
{
  (void)argv;
#ifndef strncasecmp
  return ((int*)(&strncasecmp))[argc];
#else
  (void)argc;
  return 0;
#endif
}
Determining if the writev exist passed with the following output:
Change Dir: /Humanoid-MPC/mujoco_mpc/build/CMakeFiles/CMakeTmp

Run Build Command(s):/usr/bin/ninja cmTC_922db && [1/2] Building C object CMakeFiles/cmTC_922db.dir/CheckSymbolExists.c.o
[2/2] Linking C executable cmTC_922db


File /Humanoid-MPC/mujoco_mpc/build/CMakeFiles/CMakeTmp/CheckSymbolExists.c:
/* */
#include <stdbool.h>
#include <sys/types.h>
#include <arpa/inet.h>
#include <arpa/nameser.h>
#include <netdb.h>
#include <net/if.h>
#include <netinet/in.h>
#include <netinet/tcp.h>
#include <signal.h>
#include <stdlib.h>
#include <string.h>
#include <strings.h>
#include <sys/ioctl.h>
#include <sys/select.h>
#include <sys/socket.h>
#include <sys/time.h>
#include <sys/uio.h>
#include <time.h>
#include <fcntl.h>
#include <unistd.h>

int main(int argc, char** argv)
{
  (void)argv;
#ifndef writev
  return ((int*)(&writev))[argc];
#else
  (void)argc;
  return 0;
#endif
}
Performing C++ SOURCE FILE Test protobuf_HAVE_LD_VERSION_SCRIPT succeeded with the following output:
Change Dir: /Humanoid-MPC/mujoco_mpc/build/CMakeFiles/CMakeTmp

Run Build Command(s):/usr/bin/ninja cmTC_224be && [1/2] Building CXX object CMakeFiles/cmTC_224be.dir/src.cxx.o
[2/2] Linking CXX executable cmTC_224be


Source file was:
int main() { return 0; }
Performing C++ SOURCE FILE Test protobuf_HAVE_BUILTIN_ATOMICS succeeded with the following output:
Change Dir: /Humanoid-MPC/mujoco_mpc/build/CMakeFiles/CMakeTmp

Run Build Command(s):/usr/bin/ninja cmTC_c7621 && [1/2] Building CXX object CMakeFiles/cmTC_c7621.dir/src.cxx.o
[2/2] Linking CXX executable cmTC_c7621


Source file was:

    #include <atomic>
    int main() {
      return static_cast<int>(std::atomic<int64_t>{});
    }
  
Checking whether the ASM compiler is Clang using "--version" matched "(clang version)":
Ubuntu clang version 12.0.1-19ubuntu3
Target: x86_64-pc-linux-gnu
Thread model: posix
InstalledDir: /usr/bin
